  [1m[35m (32.2ms)[0m  [1m[35mCREATE TABLE "schema_migrations" ("version" character varying PRIMARY KEY)[0m
  [1m[35m (20.2ms)[0m  [1m[35mCREATE TABLE "ar_internal_metadata" ("key" character varying PRIMARY KEY, "value" character varying, "created_at" timestamp NOT NULL, "updated_at" timestamp NOT NULL)[0m
  [1m[35m (0.4ms)[0m  [1m[34mSELECT pg_try_advisory_lock(2512775019686300670);[0m
  [1m[36mActiveRecord::SchemaMigration Load (1.0ms)[0m  [1m[34mSELECT "schema_migrations".* FROM "schema_migrations"[0m
Migrating to CreateUsers (20161031150446)
  [1m[35m (0.2ms)[0m  [1m[35mBEGIN[0m
  [1m[35m (15.7ms)[0m  [1m[35mCREATE TABLE "users" ("id" serial primary key, "username" character varying, "password_digest" character varying, "created_at" timestamp NOT NULL, "updated_at" timestamp NOT NULL)[0m
  [1m[35mSQL (0.7ms)[0m  [1m[32mINSERT INTO "schema_migrations" ("version") VALUES ($1) RETURNING "version"[0m  [["version", "20161031150446"]]
  [1m[35m (5.8ms)[0m  [1m[35mCOMMIT[0m
Migrating to CreateGames (20161031150454)
  [1m[35m (6.1ms)[0m  [1m[35mBEGIN[0m
  [1m[35m (12.0ms)[0m  [1m[35mCREATE TABLE "games" ("id" serial primary key, "user_id" integer, "game_status" character varying DEFAULT 'ongoing', "game_board" text[] DEFAULT '{{" "," "," "," "," "},{" "," "," "," "," "},{" "," "," "," "," "},{" "," "," "," "," "},{" "," "," "," "," "}}', "difficulty" character varying DEFAULT 'medium', "created_at" timestamp NOT NULL, "updated_at" timestamp NOT NULL)[0m
  [1m[35mSQL (0.4ms)[0m  [1m[32mINSERT INTO "schema_migrations" ("version") VALUES ($1) RETURNING "version"[0m  [["version", "20161031150454"]]
  [1m[35m (2.2ms)[0m  [1m[35mCOMMIT[0m
  [1m[36mActiveRecord::InternalMetadata Load (0.5ms)[0m  [1m[34mSELECT  "ar_internal_metadata".* FROM "ar_internal_metadata" WHERE "ar_internal_metadata"."key" = $1 LIMIT $2[0m  [["key", :environment], ["LIMIT", 1]]
  [1m[35m (0.2ms)[0m  [1m[35mBEGIN[0m
  [1m[35mSQL (2.6ms)[0m  [1m[32mINSERT INTO "ar_internal_metadata" ("key", "value", "created_at", "updated_at") VALUES ($1, $2, $3, $4) RETURNING "key"[0m  [["key", "environment"], ["value", "development"], ["created_at", 2017-01-16 19:31:40 UTC], ["updated_at", 2017-01-16 19:31:40 UTC]]
  [1m[35m (2.9ms)[0m  [1m[35mCOMMIT[0m
  [1m[35m (0.3ms)[0m  [1m[34mSELECT pg_advisory_unlock(2512775019686300670)[0m
  [1m[36mActiveRecord::SchemaMigration Load (0.3ms)[0m  [1m[34mSELECT "schema_migrations".* FROM "schema_migrations"[0m
  [1m[35m (3.4ms)[0m  [1m[34mSELECT t2.oid::regclass::text AS to_table, a1.attname AS column, a2.attname AS primary_key, c.conname AS name, c.confupdtype AS on_update, c.confdeltype AS on_delete
FROM pg_constraint c
JOIN pg_class t1 ON c.conrelid = t1.oid
JOIN pg_class t2 ON c.confrelid = t2.oid
JOIN pg_attribute a1 ON a1.attnum = c.conkey[1] AND a1.attrelid = t1.oid
JOIN pg_attribute a2 ON a2.attnum = c.confkey[1] AND a2.attrelid = t2.oid
JOIN pg_namespace t3 ON c.connamespace = t3.oid
WHERE c.contype = 'f'
  AND t1.relname = 'games'
  AND t3.nspname = ANY (current_schemas(false))
ORDER BY c.conname
[0m
  [1m[35m (2.2ms)[0m  [1m[34mSELECT t2.oid::regclass::text AS to_table, a1.attname AS column, a2.attname AS primary_key, c.conname AS name, c.confupdtype AS on_update, c.confdeltype AS on_delete
FROM pg_constraint c
JOIN pg_class t1 ON c.conrelid = t1.oid
JOIN pg_class t2 ON c.confrelid = t2.oid
JOIN pg_attribute a1 ON a1.attnum = c.conkey[1] AND a1.attrelid = t1.oid
JOIN pg_attribute a2 ON a2.attnum = c.confkey[1] AND a2.attrelid = t2.oid
JOIN pg_namespace t3 ON c.connamespace = t3.oid
WHERE c.contype = 'f'
  AND t1.relname = 'users'
  AND t3.nspname = ANY (current_schemas(false))
ORDER BY c.conname
[0m
Started GET "/" for ::1 at 2017-01-16 14:31:54 -0500
  [1m[36mActiveRecord::SchemaMigration Load (0.5ms)[0m  [1m[34mSELECT "schema_migrations".* FROM "schema_migrations"[0m
Processing by GamesController#index as HTML
  Rendering games/index.html.erb within layouts/application
  Rendered games/index.html.erb within layouts/application (4.2ms)
Completed 200 OK in 7597ms (Views: 7560.9ms | ActiveRecord: 4.6ms)


Started GET "/" for ::1 at 2017-01-16 14:32:06 -0500
Processing by GamesController#index as HTML
  Rendering games/index.html.erb within layouts/application
  Rendered games/index.html.erb within layouts/application (1.0ms)
Completed 200 OK in 90ms (Views: 87.9ms | ActiveRecord: 0.0ms)


Started GET "/users/new" for ::1 at 2017-01-16 14:32:09 -0500
Processing by UsersController#new as HTML
  Rendering users/new.html.erb within layouts/application
  Rendered users/new.html.erb within layouts/application (28.4ms)
Completed 200 OK in 133ms (Views: 104.9ms | ActiveRecord: 4.8ms)


Started POST "/users" for ::1 at 2017-01-16 14:32:16 -0500
Processing by UsersController#create as HTML
  Parameters: {"utf8"=>"✓", "authenticity_token"=>"zAzqz3tzJNwEaDx6KpBbAUcOURyk6olbGzUx+BeouUn7ijVck3jh7ENDWpS5dS+TxD+GfttsFUfu+HTKjeUAQQ==", "user"=>{"username"=>"abc", "password"=>"[FILTERED]"}}
  [1m[35m (0.2ms)[0m  [1m[35mBEGIN[0m
  [1m[35mSQL (0.9ms)[0m  [1m[32mINSERT INTO "users" ("username", "password_digest", "created_at", "updated_at") VALUES ($1, $2, $3, $4) RETURNING "id"[0m  [["username", "abc"], ["password_digest", "$2a$10$AFDxsMxkGgGGesgCLUl/Zuzow0J30jDgsK9EU.oo8nG7PhXpf04V6"], ["created_at", 2017-01-16 19:32:16 UTC], ["updated_at", 2017-01-16 19:32:16 UTC]]
  [1m[35m (5.1ms)[0m  [1m[35mCOMMIT[0m
Redirected to http://localhost:3000/
Completed 302 Found in 94ms (ActiveRecord: 6.2ms)


Started GET "/" for ::1 at 2017-01-16 14:32:16 -0500
Processing by GamesController#index as HTML
  Rendering games/index.html.erb within layouts/application
  Rendered games/index.html.erb within layouts/application (1.0ms)
Completed 200 OK in 81ms (Views: 79.0ms | ActiveRecord: 0.0ms)


Started GET "/" for ::1 at 2017-01-16 14:32:21 -0500
Processing by GamesController#index as HTML
  Rendering games/index.html.erb within layouts/application
  Rendered games/index.html.erb within layouts/application (1.5ms)
Completed 200 OK in 76ms (Views: 73.8ms | ActiveRecord: 0.0ms)


Started GET "/" for ::1 at 2017-01-16 14:32:23 -0500
Processing by GamesController#index as HTML
  Rendering games/index.html.erb within layouts/application
  Rendered games/index.html.erb within layouts/application (1.2ms)
Completed 200 OK in 84ms (Views: 80.0ms | ActiveRecord: 0.0ms)


Started GET "/" for ::1 at 2017-01-16 14:32:25 -0500
Processing by GamesController#index as HTML
  Rendering games/index.html.erb within layouts/application
  Rendered games/index.html.erb within layouts/application (1.1ms)
Completed 200 OK in 92ms (Views: 89.4ms | ActiveRecord: 0.0ms)


Started GET "/" for ::1 at 2017-01-16 14:32:28 -0500
Processing by GamesController#index as HTML
  Rendering games/index.html.erb within layouts/application
  Rendered games/index.html.erb within layouts/application (0.8ms)
Completed 200 OK in 95ms (Views: 92.2ms | ActiveRecord: 0.0ms)


Started GET "/" for ::1 at 2017-01-16 14:32:36 -0500
Processing by GamesController#index as HTML
  Rendering games/index.html.erb within layouts/application
  Rendered games/index.html.erb within layouts/application (0.8ms)
Completed 200 OK in 81ms (Views: 77.0ms | ActiveRecord: 0.0ms)


Started GET "/" for ::1 at 2017-01-16 14:32:36 -0500
Processing by GamesController#index as HTML
  Rendering games/index.html.erb within layouts/application
  Rendered games/index.html.erb within layouts/application (1.1ms)
Completed 200 OK in 84ms (Views: 81.0ms | ActiveRecord: 0.0ms)


Started GET "/login" for ::1 at 2017-01-16 14:32:38 -0500
Processing by SessionsController#new as HTML
  Rendering sessions/new.html.erb within layouts/application
  Rendered sessions/new.html.erb within layouts/application (2.5ms)
Completed 200 OK in 77ms (Views: 73.8ms | ActiveRecord: 0.0ms)


Started POST "/login" for ::1 at 2017-01-16 14:32:40 -0500
Processing by SessionsController#create as HTML
  Parameters: {"utf8"=>"✓", "authenticity_token"=>"XSzv3DzpcEYnwC52RFPTYsN47s0OZ7T79ZlN78AWckXUFkrScd4HKIvbujyyF0c9+v6Bp+L8Zf381nZXqsn34Q==", "username"=>"abc", "password"=>"[FILTERED]"}
  [1m[36mUser Load (0.9ms)[0m  [1m[34mSELECT  "users".* FROM "users" WHERE "users"."username" = $1 LIMIT $2[0m  [["username", "abc"], ["LIMIT", 1]]
Redirected to http://localhost:3000/
Completed 302 Found in 86ms (ActiveRecord: 1.2ms)


Started GET "/" for ::1 at 2017-01-16 14:32:40 -0500
Processing by GamesController#index as HTML
  Rendering games/index.html.erb within layouts/application
  Rendered games/index.html.erb within layouts/application (2.0ms)
  [1m[36mUser Load (0.5ms)[0m  [1m[34mSELECT  "users".* FROM "users" WHERE "users"."id" = $1 LIMIT $2[0m  [["id", 1], ["LIMIT", 1]]
Completed 200 OK in 75ms (Views: 72.3ms | ActiveRecord: 0.7ms)


Started POST "/games" for ::1 at 2017-01-16 14:32:46 -0500
Processing by GamesController#create as HTML
  Parameters: {"utf8"=>"✓", "authenticity_token"=>"UundRW6/e38ToBzWDvOr8oADuOSvflTlbH/U14S9Ye8C+J1y8BQa397vgUBFI+VcCRKRxFa3folaEDo79AAcXQ==", "difficulty"=>"impossible", "commit"=>"Play a Game!"}
  [1m[36mUser Load (0.4ms)[0m  [1m[34mSELECT  "users".* FROM "users" WHERE "users"."id" = $1 LIMIT $2[0m  [["id", 1], ["LIMIT", 1]]
  [1m[35m (0.2ms)[0m  [1m[35mBEGIN[0m
  [1m[35mSQL (0.6ms)[0m  [1m[32mINSERT INTO "games" ("user_id", "difficulty", "created_at", "updated_at") VALUES ($1, $2, $3, $4) RETURNING "id"[0m  [["user_id", 1], ["difficulty", "impossible"], ["created_at", 2017-01-16 19:32:46 UTC], ["updated_at", 2017-01-16 19:32:46 UTC]]
  [1m[35m (6.6ms)[0m  [1m[35mCOMMIT[0m
Redirected to http://localhost:3000/games/1
Completed 302 Found in 28ms (ActiveRecord: 8.0ms)


Started GET "/games/1" for ::1 at 2017-01-16 14:32:46 -0500
Processing by GamesController#show as HTML
  Parameters: {"id"=>"1"}
  [1m[36mGame Load (0.4ms)[0m  [1m[34mSELECT  "games".* FROM "games" WHERE "games"."id" = $1 LIMIT $2[0m  [["id", 1], ["LIMIT", 1]]
  Rendering games/show.html.erb within layouts/application
  Rendered games/show.html.erb within layouts/application (1.0ms)
  [1m[36mUser Load (0.8ms)[0m  [1m[34mSELECT  "users".* FROM "users" WHERE "users"."id" = $1 LIMIT $2[0m  [["id", 1], ["LIMIT", 1]]
Completed 200 OK in 74ms (Views: 68.5ms | ActiveRecord: 1.5ms)


Started GET "/games/1/edit?player_move=00" for ::1 at 2017-01-16 14:32:47 -0500
Processing by GamesController#edit as */*
  Parameters: {"player_move"=>"00", "id"=>"1"}
  [1m[36mGame Load (0.3ms)[0m  [1m[34mSELECT  "games".* FROM "games" WHERE "games"."id" = $1 LIMIT $2[0m  [["id", 1], ["LIMIT", 1]]
  [1m[35m (0.2ms)[0m  [1m[35mBEGIN[0m
  [1m[36mUser Load (0.2ms)[0m  [1m[34mSELECT  "users".* FROM "users" WHERE "users"."id" = $1 LIMIT $2[0m  [["id", 1], ["LIMIT", 1]]
  [1m[35mSQL (0.4ms)[0m  [1m[33mUPDATE "games" SET "game_board" = $1, "updated_at" = $2 WHERE "games"."id" = $3[0m  [["game_board", "{{x,\" \",\" \",\" \",\" \"},{\" \",\" \",\" \",\" \",\" \"},{\" \",\" \",o,\" \",\" \"},{\" \",\" \",\" \",\" \",\" \"},{\" \",\" \",\" \",\" \",\" \"}}"], ["updated_at", 2017-01-16 19:32:47 UTC], ["id", 1]]
  [1m[35m (5.7ms)[0m  [1m[35mCOMMIT[0m
Completed 200 OK in 23ms (Views: 1.4ms | ActiveRecord: 6.9ms)


Started GET "/games/1/edit?player_move=11" for ::1 at 2017-01-16 14:32:48 -0500
Processing by GamesController#edit as */*
  Parameters: {"player_move"=>"11", "id"=>"1"}
  [1m[36mGame Load (0.4ms)[0m  [1m[34mSELECT  "games".* FROM "games" WHERE "games"."id" = $1 LIMIT $2[0m  [["id", 1], ["LIMIT", 1]]
  [1m[35m (0.2ms)[0m  [1m[35mBEGIN[0m
  [1m[36mUser Load (0.2ms)[0m  [1m[34mSELECT  "users".* FROM "users" WHERE "users"."id" = $1 LIMIT $2[0m  [["id", 1], ["LIMIT", 1]]
  [1m[35mSQL (0.4ms)[0m  [1m[33mUPDATE "games" SET "game_board" = $1, "updated_at" = $2 WHERE "games"."id" = $3[0m  [["game_board", "{{x,\" \",\" \",\" \",\" \"},{\" \",x,\" \",\" \",\" \"},{\" \",\" \",o,\" \",\" \"},{\" \",\" \",\" \",o,\" \"},{\" \",\" \",\" \",\" \",\" \"}}"], ["updated_at", 2017-01-16 19:32:48 UTC], ["id", 1]]
  [1m[35m (2.2ms)[0m  [1m[35mCOMMIT[0m
Completed 200 OK in 12ms (Views: 0.9ms | ActiveRecord: 3.4ms)


Started GET "/games/1/edit?player_move=21" for ::1 at 2017-01-16 14:32:50 -0500
Processing by GamesController#edit as */*
  Parameters: {"player_move"=>"21", "id"=>"1"}
  [1m[36mGame Load (0.8ms)[0m  [1m[34mSELECT  "games".* FROM "games" WHERE "games"."id" = $1 LIMIT $2[0m  [["id", 1], ["LIMIT", 1]]
  [1m[35m (0.2ms)[0m  [1m[35mBEGIN[0m
  [1m[36mUser Load (0.4ms)[0m  [1m[34mSELECT  "users".* FROM "users" WHERE "users"."id" = $1 LIMIT $2[0m  [["id", 1], ["LIMIT", 1]]
  [1m[35mSQL (0.5ms)[0m  [1m[33mUPDATE "games" SET "game_board" = $1, "updated_at" = $2 WHERE "games"."id" = $3[0m  [["game_board", "{{x,\" \",\" \",\" \",\" \"},{\" \",x,\" \",\" \",\" \"},{\" \",x,o,\" \",\" \"},{\" \",\" \",\" \",o,\" \"},{\" \",\" \",\" \",\" \",o}}"], ["updated_at", 2017-01-16 19:32:50 UTC], ["id", 1]]
  [1m[35m (5.6ms)[0m  [1m[35mCOMMIT[0m
Completed 200 OK in 15ms (Views: 1.3ms | ActiveRecord: 7.5ms)


Started GET "/games/1/edit?player_move=31" for ::1 at 2017-01-16 14:32:50 -0500
Processing by GamesController#edit as */*
  Parameters: {"player_move"=>"31", "id"=>"1"}
  [1m[36mGame Load (0.3ms)[0m  [1m[34mSELECT  "games".* FROM "games" WHERE "games"."id" = $1 LIMIT $2[0m  [["id", 1], ["LIMIT", 1]]
  [1m[35m (0.2ms)[0m  [1m[35mBEGIN[0m
  [1m[36mUser Load (0.3ms)[0m  [1m[34mSELECT  "users".* FROM "users" WHERE "users"."id" = $1 LIMIT $2[0m  [["id", 1], ["LIMIT", 1]]
  [1m[35mSQL (0.4ms)[0m  [1m[33mUPDATE "games" SET "game_board" = $1, "updated_at" = $2 WHERE "games"."id" = $3[0m  [["game_board", "{{x,o,\" \",\" \",\" \"},{\" \",x,\" \",\" \",\" \"},{\" \",x,o,\" \",\" \"},{\" \",x,\" \",o,\" \"},{\" \",\" \",\" \",\" \",o}}"], ["updated_at", 2017-01-16 19:32:50 UTC], ["id", 1]]
  [1m[35m (2.1ms)[0m  [1m[35mCOMMIT[0m
Completed 200 OK in 10ms (Views: 0.7ms | ActiveRecord: 3.2ms)


Started GET "/games/1/edit?player_move=40" for ::1 at 2017-01-16 14:32:56 -0500
Processing by GamesController#edit as */*
  Parameters: {"player_move"=>"40", "id"=>"1"}
  [1m[36mGame Load (0.4ms)[0m  [1m[34mSELECT  "games".* FROM "games" WHERE "games"."id" = $1 LIMIT $2[0m  [["id", 1], ["LIMIT", 1]]
  [1m[35m (0.2ms)[0m  [1m[35mBEGIN[0m
  [1m[36mUser Load (0.3ms)[0m  [1m[34mSELECT  "users".* FROM "users" WHERE "users"."id" = $1 LIMIT $2[0m  [["id", 1], ["LIMIT", 1]]
  [1m[35mSQL (0.6ms)[0m  [1m[33mUPDATE "games" SET "game_board" = $1, "updated_at" = $2 WHERE "games"."id" = $3[0m  [["game_board", "{{x,o,\" \",\" \",\" \"},{\" \",x,\" \",\" \",\" \"},{\" \",x,o,\" \",\" \"},{\" \",x,\" \",o,\" \"},{x,o,\" \",\" \",o}}"], ["updated_at", 2017-01-16 19:32:56 UTC], ["id", 1]]
  [1m[35m (2.4ms)[0m  [1m[35mCOMMIT[0m
Completed 200 OK in 12ms (Views: 1.2ms | ActiveRecord: 3.8ms)


Started GET "/games/1/edit?player_move=30" for ::1 at 2017-01-16 14:32:58 -0500
Processing by GamesController#edit as */*
  Parameters: {"player_move"=>"30", "id"=>"1"}
  [1m[36mGame Load (0.3ms)[0m  [1m[34mSELECT  "games".* FROM "games" WHERE "games"."id" = $1 LIMIT $2[0m  [["id", 1], ["LIMIT", 1]]
  [1m[35m (0.1ms)[0m  [1m[35mBEGIN[0m
  [1m[36mUser Load (0.2ms)[0m  [1m[34mSELECT  "users".* FROM "users" WHERE "users"."id" = $1 LIMIT $2[0m  [["id", 1], ["LIMIT", 1]]
  [1m[35mSQL (0.3ms)[0m  [1m[33mUPDATE "games" SET "game_board" = $1, "updated_at" = $2 WHERE "games"."id" = $3[0m  [["game_board", "{{x,o,\" \",\" \",\" \"},{o,x,\" \",\" \",\" \"},{\" \",x,o,\" \",\" \"},{x,x,\" \",o,\" \"},{x,o,\" \",\" \",o}}"], ["updated_at", 2017-01-16 19:32:58 UTC], ["id", 1]]
  [1m[35m (2.1ms)[0m  [1m[35mCOMMIT[0m
Completed 200 OK in 9ms (Views: 1.5ms | ActiveRecord: 3.1ms)


Started GET "/games/1/edit?player_move=20" for ::1 at 2017-01-16 14:32:58 -0500
Processing by GamesController#edit as */*
  Parameters: {"player_move"=>"20", "id"=>"1"}
  [1m[36mGame Load (0.4ms)[0m  [1m[34mSELECT  "games".* FROM "games" WHERE "games"."id" = $1 LIMIT $2[0m  [["id", 1], ["LIMIT", 1]]
  [1m[35m (0.2ms)[0m  [1m[35mBEGIN[0m
  [1m[36mUser Load (0.3ms)[0m  [1m[34mSELECT  "users".* FROM "users" WHERE "users"."id" = $1 LIMIT $2[0m  [["id", 1], ["LIMIT", 1]]
  [1m[35mSQL (0.4ms)[0m  [1m[33mUPDATE "games" SET "game_board" = $1, "updated_at" = $2 WHERE "games"."id" = $3[0m  [["game_board", "{{x,o,\" \",\" \",\" \"},{o,x,\" \",o,\" \"},{x,x,o,\" \",\" \"},{x,x,\" \",o,\" \"},{x,o,\" \",\" \",o}}"], ["updated_at", 2017-01-16 19:32:58 UTC], ["id", 1]]
  [1m[35m (2.1ms)[0m  [1m[35mCOMMIT[0m
Completed 200 OK in 12ms (Views: 1.1ms | ActiveRecord: 3.5ms)


Started GET "/games/1/edit?player_move=12" for ::1 at 2017-01-16 14:33:00 -0500
Processing by GamesController#edit as */*
  Parameters: {"player_move"=>"12", "id"=>"1"}
  [1m[36mGame Load (0.2ms)[0m  [1m[34mSELECT  "games".* FROM "games" WHERE "games"."id" = $1 LIMIT $2[0m  [["id", 1], ["LIMIT", 1]]
  [1m[35m (0.2ms)[0m  [1m[35mBEGIN[0m
  [1m[36mUser Load (0.2ms)[0m  [1m[34mSELECT  "users".* FROM "users" WHERE "users"."id" = $1 LIMIT $2[0m  [["id", 1], ["LIMIT", 1]]
  [1m[35mSQL (0.4ms)[0m  [1m[33mUPDATE "games" SET "game_board" = $1, "updated_at" = $2 WHERE "games"."id" = $3[0m  [["game_board", "{{x,o,\" \",\" \",o},{o,x,x,o,\" \"},{x,x,o,\" \",\" \"},{x,x,\" \",o,\" \"},{x,o,\" \",\" \",o}}"], ["updated_at", 2017-01-16 19:33:00 UTC], ["id", 1]]
  [1m[35m (2.2ms)[0m  [1m[35mCOMMIT[0m
Completed 200 OK in 10ms (Views: 0.8ms | ActiveRecord: 3.3ms)


Started GET "/games/1/edit?player_move=23" for ::1 at 2017-01-16 14:33:01 -0500
Processing by GamesController#edit as */*
  Parameters: {"player_move"=>"23", "id"=>"1"}
  [1m[36mGame Load (0.4ms)[0m  [1m[34mSELECT  "games".* FROM "games" WHERE "games"."id" = $1 LIMIT $2[0m  [["id", 1], ["LIMIT", 1]]
  [1m[35m (0.4ms)[0m  [1m[35mBEGIN[0m
  [1m[36mUser Load (0.4ms)[0m  [1m[34mSELECT  "users".* FROM "users" WHERE "users"."id" = $1 LIMIT $2[0m  [["id", 1], ["LIMIT", 1]]
  [1m[35mSQL (0.5ms)[0m  [1m[33mUPDATE "games" SET "game_board" = $1, "updated_at" = $2 WHERE "games"."id" = $3[0m  [["game_board", "{{x,o,\" \",\" \",o},{o,x,x,o,\" \"},{x,x,o,x,o},{x,x,\" \",o,\" \"},{x,o,\" \",\" \",o}}"], ["updated_at", 2017-01-16 19:33:01 UTC], ["id", 1]]
  [1m[35m (2.2ms)[0m  [1m[35mCOMMIT[0m
Completed 200 OK in 14ms (Views: 1.3ms | ActiveRecord: 4.0ms)


Started GET "/games/1/edit?player_move=32" for ::1 at 2017-01-16 14:33:02 -0500
Processing by GamesController#edit as */*
  Parameters: {"player_move"=>"32", "id"=>"1"}
  [1m[36mGame Load (0.5ms)[0m  [1m[34mSELECT  "games".* FROM "games" WHERE "games"."id" = $1 LIMIT $2[0m  [["id", 1], ["LIMIT", 1]]
  [1m[35m (0.2ms)[0m  [1m[35mBEGIN[0m
  [1m[36mUser Load (0.3ms)[0m  [1m[34mSELECT  "users".* FROM "users" WHERE "users"."id" = $1 LIMIT $2[0m  [["id", 1], ["LIMIT", 1]]
  [1m[35mSQL (0.6ms)[0m  [1m[33mUPDATE "games" SET "game_board" = $1, "updated_at" = $2 WHERE "games"."id" = $3[0m  [["game_board", "{{x,o,\" \",\" \",o},{o,x,x,o,o},{x,x,o,x,o},{x,x,x,o,\" \"},{x,o,\" \",\" \",o}}"], ["updated_at", 2017-01-16 19:33:02 UTC], ["id", 1]]
  [1m[35m (2.2ms)[0m  [1m[35mCOMMIT[0m
Completed 200 OK in 12ms (Views: 1.1ms | ActiveRecord: 3.8ms)


Started GET "/games/1/edit?player_move=42" for ::1 at 2017-01-16 14:33:03 -0500
Processing by GamesController#edit as */*
  Parameters: {"player_move"=>"42", "id"=>"1"}
  [1m[36mGame Load (0.4ms)[0m  [1m[34mSELECT  "games".* FROM "games" WHERE "games"."id" = $1 LIMIT $2[0m  [["id", 1], ["LIMIT", 1]]
  [1m[35m (0.2ms)[0m  [1m[35mBEGIN[0m
  [1m[36mUser Load (0.4ms)[0m  [1m[34mSELECT  "users".* FROM "users" WHERE "users"."id" = $1 LIMIT $2[0m  [["id", 1], ["LIMIT", 1]]
  [1m[35mSQL (0.5ms)[0m  [1m[33mUPDATE "games" SET "game_status" = $1, "game_board" = $2, "updated_at" = $3 WHERE "games"."id" = $4[0m  [["game_status", "Computer Won!"], ["game_board", "{{x,o,\" \",\" \",o},{o,x,x,o,o},{x,x,o,x,o},{x,x,x,o,o},{x,o,x,\" \",o}}"], ["updated_at", 2017-01-16 19:33:03 UTC], ["id", 1]]
  [1m[35m (2.2ms)[0m  [1m[35mCOMMIT[0m
Completed 200 OK in 14ms (Views: 1.5ms | ActiveRecord: 3.8ms)


Started GET "/users/show" for ::1 at 2017-01-16 14:33:17 -0500
Processing by UsersController#show as HTML
  Parameters: {"id"=>"show"}
  [1m[36mUser Load (0.3ms)[0m  [1m[34mSELECT  "users".* FROM "users" WHERE "users"."id" = $1 LIMIT $2[0m  [["id", 1], ["LIMIT", 1]]
  [1m[36mCACHE (0.0ms)[0m  [1m[34mSELECT  "users".* FROM "users" WHERE "users"."id" = $1 LIMIT $2[0m  [["id", 1], ["LIMIT", 1]]
  Rendering users/show.html.erb within layouts/application
  [1m[36mGame Load (0.2ms)[0m  [1m[34mSELECT "games".* FROM "games" WHERE "games"."user_id" = $1[0m  [["user_id", 1]]
  [1m[36mGame Load (0.5ms)[0m  [1m[34mSELECT "games".* FROM "games" WHERE "games"."user_id" = $1 ORDER BY "games"."id" ASC[0m  [["user_id", 1]]
  Rendered users/show.html.erb within layouts/application (25.8ms)
Completed 200 OK in 92ms (Views: 86.7ms | ActiveRecord: 1.1ms)


Started GET "/" for ::1 at 2017-02-02 15:21:12 -0500
  [1m[36mActiveRecord::SchemaMigration Load (12.6ms)[0m  [1m[34mSELECT "schema_migrations".* FROM "schema_migrations"[0m
Processing by GamesController#index as HTML
  Rendering games/index.html.erb within layouts/application
  Rendered games/index.html.erb within layouts/application (4.6ms)
Completed 200 OK in 1253ms (Views: 1184.8ms | ActiveRecord: 16.7ms)


Started GET "/users/new" for ::1 at 2017-02-02 15:22:31 -0500
Processing by UsersController#new as HTML
  Rendering users/new.html.erb within layouts/application
  Rendered users/new.html.erb within layouts/application (26.1ms)
Completed 200 OK in 150ms (Views: 117.7ms | ActiveRecord: 5.2ms)


Started POST "/users" for ::1 at 2017-02-02 15:22:32 -0500
Processing by UsersController#create as HTML
  Parameters: {"utf8"=>"✓", "authenticity_token"=>"2yTvbgg9akYzD/TvPN0RWmlb0AATwepIRFcQv78pE7sPmX258GMJKf9HKFGbuxPTryFXdcviflXVKHzbDs8srQ==", "user"=>{"username"=>"abc", "password"=>"[FILTERED]"}}
  [1m[35m (2.2ms)[0m  [1m[35mBEGIN[0m
  [1m[35mSQL (26.0ms)[0m  [1m[32mINSERT INTO "users" ("username", "password_digest", "created_at", "updated_at") VALUES ($1, $2, $3, $4) RETURNING "id"[0m  [["username", "abc"], ["password_digest", "$2a$10$mJ9eC2yCD.a3mPQ7jGtM0.3yW40ZEMmUjHQKxizUPgaP3e7ESLIJi"], ["created_at", 2017-02-02 20:22:32 UTC], ["updated_at", 2017-02-02 20:22:32 UTC]]
  [1m[35m (7.1ms)[0m  [1m[35mCOMMIT[0m
Redirected to http://localhost:3000/
Completed 302 Found in 139ms (ActiveRecord: 35.4ms)


Started GET "/" for ::1 at 2017-02-02 15:22:33 -0500
Processing by GamesController#index as HTML
  Rendering games/index.html.erb within layouts/application
  Rendered games/index.html.erb within layouts/application (1.0ms)
Completed 200 OK in 66ms (Views: 63.8ms | ActiveRecord: 0.0ms)


Started GET "/login" for ::1 at 2017-02-02 15:22:35 -0500
Processing by SessionsController#new as HTML
  Rendering sessions/new.html.erb within layouts/application
  Rendered sessions/new.html.erb within layouts/application (1.0ms)
Completed 200 OK in 63ms (Views: 58.3ms | ActiveRecord: 0.0ms)


Started POST "/login" for ::1 at 2017-02-02 15:22:36 -0500
Processing by SessionsController#create as HTML
  Parameters: {"utf8"=>"✓", "authenticity_token"=>"ku4fyBnxci7y/zULx0CwiydQyju0/XFrZ7WLxEcy1IuPe6a/Tyv7p2Fsyzh9hR0DPnYKrTTU6wjgDenGkHFV/g==", "username"=>"abc", "password"=>"[FILTERED]"}
  [1m[36mUser Load (0.7ms)[0m  [1m[34mSELECT  "users".* FROM "users" WHERE "users"."username" = $1 LIMIT $2[0m  [["username", "abc"], ["LIMIT", 1]]
Redirected to http://localhost:3000/
Completed 302 Found in 89ms (ActiveRecord: 1.2ms)


Started GET "/" for ::1 at 2017-02-02 15:22:36 -0500
Processing by GamesController#index as HTML
  Rendering games/index.html.erb within layouts/application
  Rendered games/index.html.erb within layouts/application (1.6ms)
  [1m[36mUser Load (0.8ms)[0m  [1m[34mSELECT  "users".* FROM "users" WHERE "users"."id" = $1 LIMIT $2[0m  [["id", 1], ["LIMIT", 1]]
Completed 200 OK in 63ms (Views: 59.9ms | ActiveRecord: 1.1ms)


Started GET "/" for ::1 at 2017-02-02 15:27:26 -0500
Processing by GamesController#index as HTML
  Rendering games/index.html.erb within layouts/application
  Rendered games/index.html.erb within layouts/application (1.2ms)
  [1m[36mUser Load (0.2ms)[0m  [1m[34mSELECT  "users".* FROM "users" WHERE "users"."id" = $1 LIMIT $2[0m  [["id", 1], ["LIMIT", 1]]
Completed 200 OK in 66ms (Views: 63.8ms | ActiveRecord: 0.2ms)


Started GET "/logout" for ::1 at 2017-02-02 15:27:29 -0500
Processing by SessionsController#destroy as HTML
Redirected to http://localhost:3000/
Completed 302 Found in 1ms (ActiveRecord: 0.0ms)


Started GET "/" for ::1 at 2017-02-02 15:27:29 -0500
Processing by GamesController#index as HTML
  Rendering games/index.html.erb within layouts/application
  Rendered games/index.html.erb within layouts/application (0.7ms)
Completed 200 OK in 61ms (Views: 58.1ms | ActiveRecord: 0.0ms)


Started GET "/" for ::1 at 2017-02-02 15:27:56 -0500
Processing by GamesController#index as HTML
  Rendering games/index.html.erb within layouts/application
  Rendered games/index.html.erb within layouts/application (1.3ms)
Completed 200 OK in 65ms (Views: 62.4ms | ActiveRecord: 0.0ms)


Started GET "/login" for ::1 at 2017-02-02 15:28:39 -0500
Processing by SessionsController#new as HTML
  Rendering sessions/new.html.erb within layouts/application
  Rendered sessions/new.html.erb within layouts/application (3.0ms)
Completed 200 OK in 60ms (Views: 56.6ms | ActiveRecord: 0.0ms)


Started GET "/login" for ::1 at 2017-02-02 15:32:08 -0500
Processing by SessionsController#new as HTML
  Rendering sessions/new.html.erb within layouts/application
  Rendered sessions/new.html.erb within layouts/application (1.3ms)
Completed 200 OK in 83ms (Views: 79.0ms | ActiveRecord: 0.0ms)


Started GET "/" for ::1 at 2017-02-02 15:32:12 -0500
Processing by GamesController#index as HTML
  Rendering games/index.html.erb within layouts/application
  Rendered games/index.html.erb within layouts/application (1.6ms)
Completed 200 OK in 74ms (Views: 70.6ms | ActiveRecord: 0.0ms)


Started GET "/" for ::1 at 2017-02-02 15:34:36 -0500
Processing by GamesController#index as HTML
  Rendering games/index.html.erb within layouts/application
  Rendered games/index.html.erb within layouts/application (0.8ms)
Completed 200 OK in 69ms (Views: 67.4ms | ActiveRecord: 0.0ms)


Started GET "/" for ::1 at 2017-02-02 15:41:35 -0500
Processing by GamesController#index as HTML
  Rendering games/index.html.erb within layouts/application
  Rendered games/index.html.erb within layouts/application (1.0ms)
Completed 200 OK in 70ms (Views: 68.2ms | ActiveRecord: 0.0ms)


Started GET "/" for ::1 at 2017-02-02 15:48:04 -0500
Processing by GamesController#index as HTML
  Rendering games/index.html.erb within layouts/application
  Rendered games/index.html.erb within layouts/application (0.9ms)
Completed 200 OK in 71ms (Views: 50.5ms | ActiveRecord: 3.2ms)


Started GET "/" for ::1 at 2017-02-02 15:48:06 -0500
Processing by GamesController#index as HTML
  Rendering games/index.html.erb within layouts/application
  Rendered games/index.html.erb within layouts/application (1.3ms)
Completed 200 OK in 67ms (Views: 63.9ms | ActiveRecord: 0.0ms)


Started GET "/" for ::1 at 2017-02-02 15:48:06 -0500
Processing by GamesController#index as HTML
  Rendering games/index.html.erb within layouts/application
  Rendered games/index.html.erb within layouts/application (1.5ms)
Completed 200 OK in 77ms (Views: 74.7ms | ActiveRecord: 0.0ms)


Started GET "/" for ::1 at 2017-02-02 15:48:08 -0500
Processing by GamesController#index as HTML
  Rendering games/index.html.erb within layouts/application
  Rendered games/index.html.erb within layouts/application (1.4ms)
Completed 200 OK in 63ms (Views: 58.2ms | ActiveRecord: 0.0ms)


Started GET "/" for ::1 at 2017-02-02 15:48:09 -0500
Processing by GamesController#index as HTML
  Rendering games/index.html.erb within layouts/application
  Rendered games/index.html.erb within layouts/application (0.7ms)
Completed 200 OK in 48ms (Views: 46.9ms | ActiveRecord: 0.0ms)


Started GET "/" for ::1 at 2017-02-02 15:48:14 -0500
Processing by GamesController#index as HTML
  Rendering games/index.html.erb within layouts/application
  Rendered games/index.html.erb within layouts/application (1.1ms)
Completed 200 OK in 52ms (Views: 50.3ms | ActiveRecord: 0.0ms)


Started GET "/" for ::1 at 2017-02-02 15:48:16 -0500
Processing by GamesController#index as HTML
  Rendering games/index.html.erb within layouts/application
  Rendered games/index.html.erb within layouts/application (0.9ms)
Completed 200 OK in 70ms (Views: 68.0ms | ActiveRecord: 0.0ms)


Started GET "/" for ::1 at 2017-02-02 15:48:31 -0500
Processing by GamesController#index as HTML
  Rendering games/index.html.erb within layouts/application
  Rendered games/index.html.erb within layouts/application (1.8ms)
Completed 200 OK in 79ms (Views: 75.6ms | ActiveRecord: 0.0ms)


Started GET "/login" for ::1 at 2017-02-02 15:48:32 -0500
Processing by SessionsController#new as HTML
  Rendering sessions/new.html.erb within layouts/application
  Rendered sessions/new.html.erb within layouts/application (2.4ms)
Completed 200 OK in 85ms (Views: 82.3ms | ActiveRecord: 0.0ms)


Started POST "/login" for ::1 at 2017-02-02 15:48:34 -0500
Processing by SessionsController#create as HTML
  Parameters: {"utf8"=>"✓", "authenticity_token"=>"eUaC/9jp2hk2HyV7W2RxwaENXkAj97OM9q2Q3xKAUHFk0zuIjjNTkKWM20jhodxJuCue1qPeKe9xFfLdxcPRBA==", "username"=>"abc", "password"=>"[FILTERED]"}
  [1m[36mUser Load (0.2ms)[0m  [1m[34mSELECT  "users".* FROM "users" WHERE "users"."username" = $1 LIMIT $2[0m  [["username", "abc"], ["LIMIT", 1]]
Redirected to http://localhost:3000/
Completed 302 Found in 107ms (ActiveRecord: 2.3ms)


Started GET "/" for ::1 at 2017-02-02 15:48:34 -0500
Processing by GamesController#index as HTML
  Rendering games/index.html.erb within layouts/application
  Rendered games/index.html.erb within layouts/application (1.6ms)
  [1m[36mUser Load (0.5ms)[0m  [1m[34mSELECT  "users".* FROM "users" WHERE "users"."id" = $1 LIMIT $2[0m  [["id", 1], ["LIMIT", 1]]
Completed 200 OK in 66ms (Views: 63.8ms | ActiveRecord: 0.5ms)


Started GET "/" for ::1 at 2017-02-02 15:48:57 -0500
Processing by GamesController#index as HTML
  Rendering games/index.html.erb within layouts/application
  Rendered games/index.html.erb within layouts/application (1.7ms)
  [1m[36mUser Load (0.6ms)[0m  [1m[34mSELECT  "users".* FROM "users" WHERE "users"."id" = $1 LIMIT $2[0m  [["id", 1], ["LIMIT", 1]]
Completed 200 OK in 58ms (Views: 55.3ms | ActiveRecord: 0.6ms)


Started GET "/" for ::1 at 2017-02-02 15:49:10 -0500
Processing by GamesController#index as HTML
  Rendering games/index.html.erb within layouts/application
  Rendered games/index.html.erb within layouts/application (1.9ms)
  [1m[36mUser Load (0.3ms)[0m  [1m[34mSELECT  "users".* FROM "users" WHERE "users"."id" = $1 LIMIT $2[0m  [["id", 1], ["LIMIT", 1]]
Completed 200 OK in 56ms (Views: 53.5ms | ActiveRecord: 0.3ms)


Started GET "/users/show" for ::1 at 2017-02-02 15:49:11 -0500
Processing by UsersController#show as HTML
  Parameters: {"id"=>"show"}
  [1m[36mUser Load (0.3ms)[0m  [1m[34mSELECT  "users".* FROM "users" WHERE "users"."id" = $1 LIMIT $2[0m  [["id", 1], ["LIMIT", 1]]
  [1m[36mCACHE (0.0ms)[0m  [1m[34mSELECT  "users".* FROM "users" WHERE "users"."id" = $1 LIMIT $2[0m  [["id", 1], ["LIMIT", 1]]
  Rendering users/show.html.erb within layouts/application
  [1m[36mGame Load (6.1ms)[0m  [1m[34mSELECT "games".* FROM "games" WHERE "games"."user_id" = $1[0m  [["user_id", 1]]
  [1m[36mGame Load (1.0ms)[0m  [1m[34mSELECT "games".* FROM "games" WHERE "games"."user_id" = $1 ORDER BY "games"."id" ASC[0m  [["user_id", 1]]
  Rendered users/show.html.erb within layouts/application (57.2ms)
Completed 200 OK in 119ms (Views: 105.1ms | ActiveRecord: 7.4ms)


Started GET "/" for ::1 at 2017-02-02 15:49:13 -0500
Processing by GamesController#index as HTML
  Rendering games/index.html.erb within layouts/application
  Rendered games/index.html.erb within layouts/application (2.0ms)
  [1m[36mUser Load (0.5ms)[0m  [1m[34mSELECT  "users".* FROM "users" WHERE "users"."id" = $1 LIMIT $2[0m  [["id", 1], ["LIMIT", 1]]
Completed 200 OK in 88ms (Views: 82.6ms | ActiveRecord: 0.5ms)


Started GET "/" for ::1 at 2017-02-02 15:49:13 -0500
Processing by GamesController#index as HTML
  Rendering games/index.html.erb within layouts/application
  Rendered games/index.html.erb within layouts/application (2.2ms)
  [1m[36mUser Load (0.6ms)[0m  [1m[34mSELECT  "users".* FROM "users" WHERE "users"."id" = $1 LIMIT $2[0m  [["id", 1], ["LIMIT", 1]]
Completed 200 OK in 93ms (Views: 89.1ms | ActiveRecord: 0.6ms)


Started GET "/" for ::1 at 2017-02-02 15:49:14 -0500
Processing by GamesController#index as HTML
  Rendering games/index.html.erb within layouts/application
  Rendered games/index.html.erb within layouts/application (2.0ms)
  [1m[36mUser Load (0.6ms)[0m  [1m[34mSELECT  "users".* FROM "users" WHERE "users"."id" = $1 LIMIT $2[0m  [["id", 1], ["LIMIT", 1]]
Completed 200 OK in 74ms (Views: 71.5ms | ActiveRecord: 0.6ms)


Started GET "/" for ::1 at 2017-02-02 15:49:29 -0500
Processing by GamesController#index as HTML
  Rendering games/index.html.erb within layouts/application
  Rendered games/index.html.erb within layouts/application (2.1ms)
  [1m[36mUser Load (0.4ms)[0m  [1m[34mSELECT  "users".* FROM "users" WHERE "users"."id" = $1 LIMIT $2[0m  [["id", 1], ["LIMIT", 1]]
Completed 200 OK in 66ms (Views: 62.7ms | ActiveRecord: 0.4ms)


Started GET "/" for ::1 at 2017-02-02 15:49:29 -0500
Processing by GamesController#index as HTML
  Rendering games/index.html.erb within layouts/application
  Rendered games/index.html.erb within layouts/application (2.6ms)
  [1m[36mUser Load (0.4ms)[0m  [1m[34mSELECT  "users".* FROM "users" WHERE "users"."id" = $1 LIMIT $2[0m  [["id", 1], ["LIMIT", 1]]
Completed 200 OK in 103ms (Views: 99.4ms | ActiveRecord: 0.4ms)


Started GET "/" for ::1 at 2017-02-02 15:49:30 -0500
Processing by GamesController#index as HTML
  Rendering games/index.html.erb within layouts/application
  Rendered games/index.html.erb within layouts/application (2.0ms)
  [1m[36mUser Load (0.3ms)[0m  [1m[34mSELECT  "users".* FROM "users" WHERE "users"."id" = $1 LIMIT $2[0m  [["id", 1], ["LIMIT", 1]]
Completed 200 OK in 91ms (Views: 85.9ms | ActiveRecord: 0.3ms)


Started GET "/" for ::1 at 2017-02-02 15:49:30 -0500
Processing by GamesController#index as HTML
  Rendering games/index.html.erb within layouts/application
  Rendered games/index.html.erb within layouts/application (2.4ms)
  [1m[36mUser Load (0.5ms)[0m  [1m[34mSELECT  "users".* FROM "users" WHERE "users"."id" = $1 LIMIT $2[0m  [["id", 1], ["LIMIT", 1]]
Completed 200 OK in 92ms (Views: 88.2ms | ActiveRecord: 0.5ms)


Started GET "/users/show" for ::1 at 2017-02-02 15:49:31 -0500
Processing by UsersController#show as HTML
  Parameters: {"id"=>"show"}
  [1m[36mUser Load (0.6ms)[0m  [1m[34mSELECT  "users".* FROM "users" WHERE "users"."id" = $1 LIMIT $2[0m  [["id", 1], ["LIMIT", 1]]
  [1m[36mCACHE (0.0ms)[0m  [1m[34mSELECT  "users".* FROM "users" WHERE "users"."id" = $1 LIMIT $2[0m  [["id", 1], ["LIMIT", 1]]
  Rendering users/show.html.erb within layouts/application
  [1m[36mGame Load (0.6ms)[0m  [1m[34mSELECT "games".* FROM "games" WHERE "games"."user_id" = $1[0m  [["user_id", 1]]
  [1m[36mGame Load (0.7ms)[0m  [1m[34mSELECT "games".* FROM "games" WHERE "games"."user_id" = $1 ORDER BY "games"."id" ASC[0m  [["user_id", 1]]
  Rendered users/show.html.erb within layouts/application (8.9ms)
Completed 200 OK in 76ms (Views: 68.4ms | ActiveRecord: 1.9ms)


Started GET "/" for ::1 at 2017-02-02 15:49:32 -0500
Processing by GamesController#index as HTML
  Rendering games/index.html.erb within layouts/application
  Rendered games/index.html.erb within layouts/application (2.3ms)
  [1m[36mUser Load (0.5ms)[0m  [1m[34mSELECT  "users".* FROM "users" WHERE "users"."id" = $1 LIMIT $2[0m  [["id", 1], ["LIMIT", 1]]
Completed 200 OK in 81ms (Views: 76.2ms | ActiveRecord: 0.5ms)


Started GET "/" for ::1 at 2017-02-02 15:49:33 -0500
Processing by GamesController#index as HTML
  Rendering games/index.html.erb within layouts/application
  Rendered games/index.html.erb within layouts/application (1.2ms)
  [1m[36mUser Load (0.3ms)[0m  [1m[34mSELECT  "users".* FROM "users" WHERE "users"."id" = $1 LIMIT $2[0m  [["id", 1], ["LIMIT", 1]]
Completed 200 OK in 55ms (Views: 52.1ms | ActiveRecord: 0.3ms)


Started GET "/" for ::1 at 2017-02-02 15:49:41 -0500
Processing by GamesController#index as HTML
  Rendering games/index.html.erb within layouts/application
  Rendered games/index.html.erb within layouts/application (1.5ms)
  [1m[36mUser Load (0.4ms)[0m  [1m[34mSELECT  "users".* FROM "users" WHERE "users"."id" = $1 LIMIT $2[0m  [["id", 1], ["LIMIT", 1]]
Completed 200 OK in 70ms (Views: 67.4ms | ActiveRecord: 0.4ms)


Started GET "/" for 127.0.0.1 at 2017-02-02 15:58:40 -0500
  [1m[36mActiveRecord::SchemaMigration Load (0.4ms)[0m  [1m[34mSELECT "schema_migrations".* FROM "schema_migrations"[0m
Processing by GamesController#index as HTML
  Rendering games/index.html.erb within layouts/application
  Rendered games/index.html.erb within layouts/application (14.2ms)
  [1m[36mUser Load (0.4ms)[0m  [1m[34mSELECT  "users".* FROM "users" WHERE "users"."id" = $1 LIMIT $2[0m  [["id", 1], ["LIMIT", 1]]
Completed 200 OK in 8514ms (Views: 8494.2ms | ActiveRecord: 6.0ms)


Started GET "/" for 127.0.0.1 at 2017-02-02 15:58:53 -0500
Processing by GamesController#index as HTML
  Rendering games/index.html.erb within layouts/application
  Rendered games/index.html.erb within layouts/application (2.4ms)
  [1m[36mUser Load (0.3ms)[0m  [1m[34mSELECT  "users".* FROM "users" WHERE "users"."id" = $1 LIMIT $2[0m  [["id", 1], ["LIMIT", 1]]
Completed 200 OK in 49ms (Views: 47.4ms | ActiveRecord: 0.3ms)


Started GET "/users/show" for 127.0.0.1 at 2017-02-02 15:58:56 -0500
Processing by UsersController#show as HTML
  Parameters: {"id"=>"show"}
  [1m[36mUser Load (0.7ms)[0m  [1m[34mSELECT  "users".* FROM "users" WHERE "users"."id" = $1 LIMIT $2[0m  [["id", 1], ["LIMIT", 1]]
  [1m[36mCACHE (0.0ms)[0m  [1m[34mSELECT  "users".* FROM "users" WHERE "users"."id" = $1 LIMIT $2[0m  [["id", 1], ["LIMIT", 1]]
  Rendering users/show.html.erb within layouts/application
  [1m[36mGame Load (0.3ms)[0m  [1m[34mSELECT "games".* FROM "games" WHERE "games"."user_id" = $1[0m  [["user_id", 1]]
  [1m[36mGame Load (0.9ms)[0m  [1m[34mSELECT "games".* FROM "games" WHERE "games"."user_id" = $1 ORDER BY "games"."id" ASC[0m  [["user_id", 1]]
  Rendered users/show.html.erb within layouts/application (18.8ms)
Completed 200 OK in 70ms (Views: 64.9ms | ActiveRecord: 2.2ms)


Started GET "/" for 127.0.0.1 at 2017-02-02 15:58:57 -0500
Processing by GamesController#index as HTML
  Rendering games/index.html.erb within layouts/application
  Rendered games/index.html.erb within layouts/application (1.5ms)
  [1m[36mUser Load (0.9ms)[0m  [1m[34mSELECT  "users".* FROM "users" WHERE "users"."id" = $1 LIMIT $2[0m  [["id", 1], ["LIMIT", 1]]
Completed 200 OK in 62ms (Views: 60.2ms | ActiveRecord: 0.9ms)


Started GET "/users/show" for 127.0.0.1 at 2017-02-02 15:58:58 -0500
Processing by UsersController#show as HTML
  Parameters: {"id"=>"show"}
  [1m[36mUser Load (1.0ms)[0m  [1m[34mSELECT  "users".* FROM "users" WHERE "users"."id" = $1 LIMIT $2[0m  [["id", 1], ["LIMIT", 1]]
  [1m[36mCACHE (0.0ms)[0m  [1m[34mSELECT  "users".* FROM "users" WHERE "users"."id" = $1 LIMIT $2[0m  [["id", 1], ["LIMIT", 1]]
  Rendering users/show.html.erb within layouts/application
  [1m[36mGame Load (0.5ms)[0m  [1m[34mSELECT "games".* FROM "games" WHERE "games"."user_id" = $1[0m  [["user_id", 1]]
  [1m[36mGame Load (0.6ms)[0m  [1m[34mSELECT "games".* FROM "games" WHERE "games"."user_id" = $1 ORDER BY "games"."id" ASC[0m  [["user_id", 1]]
  Rendered users/show.html.erb within layouts/application (4.9ms)
Completed 200 OK in 57ms (Views: 50.8ms | ActiveRecord: 2.1ms)


Started GET "/logout" for 127.0.0.1 at 2017-02-02 15:58:59 -0500
Processing by SessionsController#destroy as HTML
Redirected to http://localhost:3000/
Completed 302 Found in 1ms (ActiveRecord: 0.0ms)


Started GET "/" for 127.0.0.1 at 2017-02-02 15:58:59 -0500
Processing by GamesController#index as HTML
  Rendering games/index.html.erb within layouts/application
  Rendered games/index.html.erb within layouts/application (1.1ms)
Completed 200 OK in 72ms (Views: 70.8ms | ActiveRecord: 0.0ms)


Started GET "/" for 127.0.0.1 at 2017-02-02 15:59:01 -0500
Processing by GamesController#index as HTML
  Rendering games/index.html.erb within layouts/application
  Rendered games/index.html.erb within layouts/application (1.2ms)
Completed 200 OK in 63ms (Views: 61.7ms | ActiveRecord: 0.0ms)


Started GET "/" for 127.0.0.1 at 2017-02-02 16:02:46 -0500
Processing by GamesController#index as HTML
  Rendering games/index.html.erb within layouts/application
  Rendered games/index.html.erb within layouts/application (2.8ms)
Completed 200 OK in 67ms (Views: 64.7ms | ActiveRecord: 0.0ms)


Started GET "/" for 127.0.0.1 at 2017-02-02 16:02:48 -0500
Processing by GamesController#index as HTML
  Rendering games/index.html.erb within layouts/application
  Rendered games/index.html.erb within layouts/application (1.1ms)
Completed 200 OK in 75ms (Views: 73.9ms | ActiveRecord: 0.0ms)


Started GET "/login" for 127.0.0.1 at 2017-02-02 16:02:49 -0500
Processing by SessionsController#new as HTML
  Rendering sessions/new.html.erb within layouts/application
  Rendered sessions/new.html.erb within layouts/application (1.6ms)
Completed 200 OK in 77ms (Views: 76.1ms | ActiveRecord: 0.0ms)


Started GET "/" for 127.0.0.1 at 2017-02-02 16:02:51 -0500
Processing by GamesController#index as HTML
  Rendering games/index.html.erb within layouts/application
  Rendered games/index.html.erb within layouts/application (1.5ms)
Completed 200 OK in 74ms (Views: 71.8ms | ActiveRecord: 0.0ms)


Started GET "/login" for 127.0.0.1 at 2017-02-02 16:05:41 -0500
Processing by SessionsController#new as HTML
  Rendering sessions/new.html.erb within layouts/application
  Rendered sessions/new.html.erb within layouts/application (1.1ms)
Completed 200 OK in 64ms (Views: 62.3ms | ActiveRecord: 0.0ms)


Started POST "/login" for 127.0.0.1 at 2017-02-02 16:05:43 -0500
Processing by SessionsController#create as HTML
  Parameters: {"utf8"=>"✓", "authenticity_token"=>"4YeeKkZkku4uewXMkjalQNItQLoEd5JjdndV+WTV9ZZIHkR26Wn8Pv/50AYwnUXBXfRVm+6DPlu9endjEsAYFQ==", "username"=>"abc", "password"=>"[FILTERED]"}
  [1m[36mUser Load (0.3ms)[0m  [1m[34mSELECT  "users".* FROM "users" WHERE "users"."username" = $1 LIMIT $2[0m  [["username", "abc"], ["LIMIT", 1]]
Redirected to http://localhost:3000/
Completed 302 Found in 83ms (ActiveRecord: 0.3ms)


Started GET "/" for 127.0.0.1 at 2017-02-02 16:05:43 -0500
Processing by GamesController#index as HTML
  Rendering games/index.html.erb within layouts/application
  Rendered games/index.html.erb within layouts/application (4.4ms)
  [1m[36mUser Load (0.3ms)[0m  [1m[34mSELECT  "users".* FROM "users" WHERE "users"."id" = $1 LIMIT $2[0m  [["id", 1], ["LIMIT", 1]]
Completed 200 OK in 72ms (Views: 70.1ms | ActiveRecord: 0.2ms)


Started GET "/logout" for 127.0.0.1 at 2017-02-02 16:09:10 -0500
Processing by SessionsController#destroy as HTML
Redirected to http://localhost:3000/
Completed 302 Found in 1ms (ActiveRecord: 0.0ms)


Started GET "/" for 127.0.0.1 at 2017-02-02 16:09:10 -0500
Processing by GamesController#index as HTML
  Rendering games/index.html.erb within layouts/application
  Rendered games/index.html.erb within layouts/application (0.9ms)
Completed 200 OK in 53ms (Views: 51.4ms | ActiveRecord: 0.0ms)


Started GET "/login" for 127.0.0.1 at 2017-02-02 16:09:37 -0500
Processing by SessionsController#new as HTML
  Rendering sessions/new.html.erb within layouts/application
  Rendered sessions/new.html.erb within layouts/application (1.8ms)
Completed 200 OK in 81ms (Views: 78.6ms | ActiveRecord: 0.0ms)


Started POST "/login" for 127.0.0.1 at 2017-02-02 16:09:38 -0500
Processing by SessionsController#create as HTML
  Parameters: {"utf8"=>"✓", "authenticity_token"=>"jx17cf9fCghjfT+jiX5R/C0/tN2wFtdk2MD5JO7E9jwmhKEtUFJk2LL/6mkr1bF9ouah/Frie1wTzdu+mNEbvw==", "username"=>"abc", "password"=>"[FILTERED]"}
  [1m[36mUser Load (0.3ms)[0m  [1m[34mSELECT  "users".* FROM "users" WHERE "users"."username" = $1 LIMIT $2[0m  [["username", "abc"], ["LIMIT", 1]]
Redirected to http://localhost:3000/
Completed 302 Found in 79ms (ActiveRecord: 0.3ms)


Started GET "/" for 127.0.0.1 at 2017-02-02 16:09:38 -0500
Processing by GamesController#index as HTML
  Rendering games/index.html.erb within layouts/application
  Rendered games/index.html.erb within layouts/application (1.4ms)
  [1m[36mUser Load (0.4ms)[0m  [1m[34mSELECT  "users".* FROM "users" WHERE "users"."id" = $1 LIMIT $2[0m  [["id", 1], ["LIMIT", 1]]
Completed 200 OK in 72ms (Views: 70.5ms | ActiveRecord: 0.4ms)


Started POST "/games" for 127.0.0.1 at 2017-02-02 16:09:41 -0500
Processing by GamesController#create as HTML
  Parameters: {"utf8"=>"✓", "authenticity_token"=>"speaYu031QpbZTQ4LccIDACP4XQaBZrhZViR1rpclT4bDkA+Qjq72orn4fKPbOiNj1b0VfDxNtmuVbNMzEl4vQ==", "difficulty"=>"easy", "commit"=>"Play a Game!"}
  [1m[36mUser Load (0.3ms)[0m  [1m[34mSELECT  "users".* FROM "users" WHERE "users"."id" = $1 LIMIT $2[0m  [["id", 1], ["LIMIT", 1]]
  [1m[35m (0.2ms)[0m  [1m[35mBEGIN[0m
  [1m[35mSQL (1.2ms)[0m  [1m[32mINSERT INTO "games" ("user_id", "difficulty", "created_at", "updated_at") VALUES ($1, $2, $3, $4) RETURNING "id"[0m  [["user_id", 1], ["difficulty", "easy"], ["created_at", 2017-02-02 21:09:41 UTC], ["updated_at", 2017-02-02 21:09:41 UTC]]
  [1m[35m (2.4ms)[0m  [1m[35mCOMMIT[0m
Redirected to http://localhost:3000/games/2
Completed 302 Found in 13ms (ActiveRecord: 4.2ms)


Started GET "/games/2" for 127.0.0.1 at 2017-02-02 16:09:41 -0500
Processing by GamesController#show as HTML
  Parameters: {"id"=>"2"}
  [1m[36mGame Load (0.8ms)[0m  [1m[34mSELECT  "games".* FROM "games" WHERE "games"."id" = $1 LIMIT $2[0m  [["id", 2], ["LIMIT", 1]]
  Rendering games/show.html.erb within layouts/application
  Rendered games/show.html.erb within layouts/application (2.4ms)
  [1m[36mUser Load (0.4ms)[0m  [1m[34mSELECT  "users".* FROM "users" WHERE "users"."id" = $1 LIMIT $2[0m  [["id", 1], ["LIMIT", 1]]
Completed 200 OK in 108ms (Views: 94.6ms | ActiveRecord: 1.1ms)


Started GET "/games/2/edit?player_move=00" for 127.0.0.1 at 2017-02-02 16:09:42 -0500
Processing by GamesController#edit as */*
  Parameters: {"player_move"=>"00", "id"=>"2"}
  [1m[36mGame Load (0.4ms)[0m  [1m[34mSELECT  "games".* FROM "games" WHERE "games"."id" = $1 LIMIT $2[0m  [["id", 2], ["LIMIT", 1]]
  [1m[35m (0.3ms)[0m  [1m[35mBEGIN[0m
  [1m[36mUser Load (0.3ms)[0m  [1m[34mSELECT  "users".* FROM "users" WHERE "users"."id" = $1 LIMIT $2[0m  [["id", 1], ["LIMIT", 1]]
  [1m[35mSQL (3.3ms)[0m  [1m[33mUPDATE "games" SET "game_board" = $1, "updated_at" = $2 WHERE "games"."id" = $3[0m  [["game_board", "{{x,\" \",\" \",\" \",\" \"},{\" \",\" \",\" \",\" \",\" \"},{\" \",\" \",\" \",\" \",\" \"},{\" \",\" \",\" \",\" \",\" \"},{\" \",\" \",\" \",\" \",o}}"], ["updated_at", 2017-02-02 21:09:42 UTC], ["id", 2]]
  [1m[35m (2.3ms)[0m  [1m[35mCOMMIT[0m
Completed 200 OK in 23ms (Views: 2.3ms | ActiveRecord: 6.6ms)


Started GET "/games/2/edit?player_move=10" for 127.0.0.1 at 2017-02-02 16:09:45 -0500
Processing by GamesController#edit as */*
  Parameters: {"player_move"=>"10", "id"=>"2"}
  [1m[36mGame Load (0.7ms)[0m  [1m[34mSELECT  "games".* FROM "games" WHERE "games"."id" = $1 LIMIT $2[0m  [["id", 2], ["LIMIT", 1]]
  [1m[35m (0.2ms)[0m  [1m[35mBEGIN[0m
  [1m[36mUser Load (0.3ms)[0m  [1m[34mSELECT  "users".* FROM "users" WHERE "users"."id" = $1 LIMIT $2[0m  [["id", 1], ["LIMIT", 1]]
  [1m[35mSQL (0.4ms)[0m  [1m[33mUPDATE "games" SET "game_board" = $1, "updated_at" = $2 WHERE "games"."id" = $3[0m  [["game_board", "{{x,\" \",\" \",\" \",\" \"},{x,\" \",\" \",\" \",\" \"},{\" \",\" \",\" \",o,\" \"},{\" \",\" \",\" \",\" \",\" \"},{\" \",\" \",\" \",\" \",o}}"], ["updated_at", 2017-02-02 21:09:45 UTC], ["id", 2]]
  [1m[35m (0.9ms)[0m  [1m[35mCOMMIT[0m
Completed 200 OK in 9ms (Views: 0.8ms | ActiveRecord: 2.5ms)


Started GET "/games/2/edit?player_move=20" for 127.0.0.1 at 2017-02-02 16:09:46 -0500
Processing by GamesController#edit as */*
  Parameters: {"player_move"=>"20", "id"=>"2"}
  [1m[36mGame Load (0.2ms)[0m  [1m[34mSELECT  "games".* FROM "games" WHERE "games"."id" = $1 LIMIT $2[0m  [["id", 2], ["LIMIT", 1]]
  [1m[35m (0.1ms)[0m  [1m[35mBEGIN[0m
  [1m[36mUser Load (0.3ms)[0m  [1m[34mSELECT  "users".* FROM "users" WHERE "users"."id" = $1 LIMIT $2[0m  [["id", 1], ["LIMIT", 1]]
  [1m[35mSQL (0.3ms)[0m  [1m[33mUPDATE "games" SET "game_board" = $1, "updated_at" = $2 WHERE "games"."id" = $3[0m  [["game_board", "{{x,\" \",\" \",\" \",\" \"},{x,\" \",\" \",\" \",\" \"},{x,\" \",\" \",o,\" \"},{\" \",\" \",\" \",\" \",o},{\" \",\" \",\" \",\" \",o}}"], ["updated_at", 2017-02-02 21:09:46 UTC], ["id", 2]]
  [1m[35m (2.2ms)[0m  [1m[35mCOMMIT[0m
Completed 200 OK in 10ms (Views: 0.8ms | ActiveRecord: 3.2ms)


Started GET "/games/2/edit?player_move=30" for 127.0.0.1 at 2017-02-02 16:09:46 -0500
Processing by GamesController#edit as */*
  Parameters: {"player_move"=>"30", "id"=>"2"}
  [1m[36mGame Load (0.4ms)[0m  [1m[34mSELECT  "games".* FROM "games" WHERE "games"."id" = $1 LIMIT $2[0m  [["id", 2], ["LIMIT", 1]]
  [1m[35m (0.2ms)[0m  [1m[35mBEGIN[0m
  [1m[36mUser Load (0.2ms)[0m  [1m[34mSELECT  "users".* FROM "users" WHERE "users"."id" = $1 LIMIT $2[0m  [["id", 1], ["LIMIT", 1]]
  [1m[35mSQL (0.4ms)[0m  [1m[33mUPDATE "games" SET "game_board" = $1, "updated_at" = $2 WHERE "games"."id" = $3[0m  [["game_board", "{{x,\" \",\" \",\" \",\" \"},{x,\" \",\" \",\" \",\" \"},{x,\" \",o,o,\" \"},{x,\" \",\" \",\" \",o},{\" \",\" \",\" \",\" \",o}}"], ["updated_at", 2017-02-02 21:09:46 UTC], ["id", 2]]
  [1m[35m (1.3ms)[0m  [1m[35mCOMMIT[0m
Completed 200 OK in 9ms (Views: 0.9ms | ActiveRecord: 2.5ms)


Started GET "/games/2/edit?player_move=40" for 127.0.0.1 at 2017-02-02 16:09:47 -0500
Processing by GamesController#edit as */*
  Parameters: {"player_move"=>"40", "id"=>"2"}
  [1m[36mGame Load (1.4ms)[0m  [1m[34mSELECT  "games".* FROM "games" WHERE "games"."id" = $1 LIMIT $2[0m  [["id", 2], ["LIMIT", 1]]
  [1m[35m (0.2ms)[0m  [1m[35mBEGIN[0m
  [1m[36mUser Load (0.2ms)[0m  [1m[34mSELECT  "users".* FROM "users" WHERE "users"."id" = $1 LIMIT $2[0m  [["id", 1], ["LIMIT", 1]]
  [1m[35mSQL (0.3ms)[0m  [1m[33mUPDATE "games" SET "game_status" = $1, "game_board" = $2, "updated_at" = $3 WHERE "games"."id" = $4[0m  [["game_status", "Player Won!"], ["game_board", "{{x,\" \",\" \",\" \",\" \"},{x,\" \",\" \",\" \",\" \"},{x,\" \",o,o,\" \"},{x,\" \",\" \",\" \",o},{x,\" \",o,\" \",o}}"], ["updated_at", 2017-02-02 21:09:47 UTC], ["id", 2]]
  [1m[35m (5.5ms)[0m  [1m[35mCOMMIT[0m
Completed 200 OK in 17ms (Views: 1.6ms | ActiveRecord: 7.6ms)


Started POST "/games" for 127.0.0.1 at 2017-02-02 16:09:58 -0500
Processing by GamesController#create as HTML
  Parameters: {"utf8"=>"✓", "authenticity_token"=>"speaYu031QpbZTQ4LccIDACP4XQaBZrhZViR1rpclT4bDkA+Qjq72orn4fKPbOiNj1b0VfDxNtmuVbNMzEl4vQ==", "difficulty"=>"impossible", "commit"=>"Play a Game!"}
  [1m[36mUser Load (0.4ms)[0m  [1m[34mSELECT  "users".* FROM "users" WHERE "users"."id" = $1 LIMIT $2[0m  [["id", 1], ["LIMIT", 1]]
  [1m[35m (0.2ms)[0m  [1m[35mBEGIN[0m
  [1m[35mSQL (0.9ms)[0m  [1m[32mINSERT INTO "games" ("user_id", "difficulty", "created_at", "updated_at") VALUES ($1, $2, $3, $4) RETURNING "id"[0m  [["user_id", 1], ["difficulty", "impossible"], ["created_at", 2017-02-02 21:09:58 UTC], ["updated_at", 2017-02-02 21:09:58 UTC]]
  [1m[35m (2.1ms)[0m  [1m[35mCOMMIT[0m
Redirected to http://localhost:3000/games/3
Completed 302 Found in 10ms (ActiveRecord: 4.0ms)


Started GET "/games/3" for 127.0.0.1 at 2017-02-02 16:09:58 -0500
Processing by GamesController#show as HTML
  Parameters: {"id"=>"3"}
  [1m[36mGame Load (0.5ms)[0m  [1m[34mSELECT  "games".* FROM "games" WHERE "games"."id" = $1 LIMIT $2[0m  [["id", 3], ["LIMIT", 1]]
  Rendering games/show.html.erb within layouts/application
  Rendered games/show.html.erb within layouts/application (1.4ms)
  [1m[36mUser Load (0.3ms)[0m  [1m[34mSELECT  "users".* FROM "users" WHERE "users"."id" = $1 LIMIT $2[0m  [["id", 1], ["LIMIT", 1]]
Completed 200 OK in 71ms (Views: 66.2ms | ActiveRecord: 0.8ms)


Started GET "/games/3/edit?player_move=00" for 127.0.0.1 at 2017-02-02 16:09:59 -0500
Processing by GamesController#edit as */*
  Parameters: {"player_move"=>"00", "id"=>"3"}
  [1m[36mGame Load (0.3ms)[0m  [1m[34mSELECT  "games".* FROM "games" WHERE "games"."id" = $1 LIMIT $2[0m  [["id", 3], ["LIMIT", 1]]
  [1m[35m (0.2ms)[0m  [1m[35mBEGIN[0m
  [1m[36mUser Load (0.2ms)[0m  [1m[34mSELECT  "users".* FROM "users" WHERE "users"."id" = $1 LIMIT $2[0m  [["id", 1], ["LIMIT", 1]]
  [1m[35mSQL (0.4ms)[0m  [1m[33mUPDATE "games" SET "game_board" = $1, "updated_at" = $2 WHERE "games"."id" = $3[0m  [["game_board", "{{x,\" \",\" \",\" \",\" \"},{\" \",\" \",\" \",\" \",\" \"},{\" \",\" \",o,\" \",\" \"},{\" \",\" \",\" \",\" \",\" \"},{\" \",\" \",\" \",\" \",\" \"}}"], ["updated_at", 2017-02-02 21:09:59 UTC], ["id", 3]]
  [1m[35m (2.3ms)[0m  [1m[35mCOMMIT[0m
Completed 200 OK in 10ms (Views: 0.9ms | ActiveRecord: 3.4ms)


Started GET "/games/3/edit?player_move=11" for 127.0.0.1 at 2017-02-02 16:10:00 -0500
Processing by GamesController#edit as */*
  Parameters: {"player_move"=>"11", "id"=>"3"}
  [1m[36mGame Load (0.3ms)[0m  [1m[34mSELECT  "games".* FROM "games" WHERE "games"."id" = $1 LIMIT $2[0m  [["id", 3], ["LIMIT", 1]]
  [1m[35m (0.2ms)[0m  [1m[35mBEGIN[0m
  [1m[36mUser Load (0.3ms)[0m  [1m[34mSELECT  "users".* FROM "users" WHERE "users"."id" = $1 LIMIT $2[0m  [["id", 1], ["LIMIT", 1]]
  [1m[35mSQL (0.4ms)[0m  [1m[33mUPDATE "games" SET "game_board" = $1, "updated_at" = $2 WHERE "games"."id" = $3[0m  [["game_board", "{{x,\" \",\" \",\" \",\" \"},{\" \",x,\" \",\" \",\" \"},{\" \",\" \",o,\" \",\" \"},{\" \",\" \",\" \",o,\" \"},{\" \",\" \",\" \",\" \",\" \"}}"], ["updated_at", 2017-02-02 21:10:00 UTC], ["id", 3]]
  [1m[35m (0.3ms)[0m  [1m[35mCOMMIT[0m
Completed 200 OK in 9ms (Views: 0.7ms | ActiveRecord: 1.5ms)


Started GET "/games/3/edit?player_move=21" for 127.0.0.1 at 2017-02-02 16:10:01 -0500
Processing by GamesController#edit as */*
  Parameters: {"player_move"=>"21", "id"=>"3"}
  [1m[36mGame Load (0.2ms)[0m  [1m[34mSELECT  "games".* FROM "games" WHERE "games"."id" = $1 LIMIT $2[0m  [["id", 3], ["LIMIT", 1]]
  [1m[35m (0.1ms)[0m  [1m[35mBEGIN[0m
  [1m[36mUser Load (0.2ms)[0m  [1m[34mSELECT  "users".* FROM "users" WHERE "users"."id" = $1 LIMIT $2[0m  [["id", 1], ["LIMIT", 1]]
  [1m[35mSQL (0.7ms)[0m  [1m[33mUPDATE "games" SET "game_board" = $1, "updated_at" = $2 WHERE "games"."id" = $3[0m  [["game_board", "{{x,\" \",\" \",\" \",\" \"},{\" \",x,\" \",\" \",\" \"},{\" \",x,o,\" \",\" \"},{\" \",\" \",\" \",o,\" \"},{\" \",\" \",\" \",\" \",o}}"], ["updated_at", 2017-02-02 21:10:01 UTC], ["id", 3]]
  [1m[35m (1.9ms)[0m  [1m[35mCOMMIT[0m
Completed 200 OK in 9ms (Views: 0.6ms | ActiveRecord: 3.2ms)


Started GET "/games/3/edit?player_move=20" for 127.0.0.1 at 2017-02-02 16:10:02 -0500
Processing by GamesController#edit as */*
  Parameters: {"player_move"=>"20", "id"=>"3"}
  [1m[36mGame Load (0.5ms)[0m  [1m[34mSELECT  "games".* FROM "games" WHERE "games"."id" = $1 LIMIT $2[0m  [["id", 3], ["LIMIT", 1]]
  [1m[35m (0.1ms)[0m  [1m[35mBEGIN[0m
  [1m[36mUser Load (0.2ms)[0m  [1m[34mSELECT  "users".* FROM "users" WHERE "users"."id" = $1 LIMIT $2[0m  [["id", 1], ["LIMIT", 1]]
  [1m[35mSQL (0.3ms)[0m  [1m[33mUPDATE "games" SET "game_board" = $1, "updated_at" = $2 WHERE "games"."id" = $3[0m  [["game_board", "{{x,\" \",\" \",\" \",\" \"},{\" \",x,\" \",\" \",\" \"},{x,x,o,o,\" \"},{\" \",\" \",\" \",o,\" \"},{\" \",\" \",\" \",\" \",o}}"], ["updated_at", 2017-02-02 21:10:02 UTC], ["id", 3]]
  [1m[35m (1.9ms)[0m  [1m[35mCOMMIT[0m
Completed 200 OK in 10ms (Views: 1.1ms | ActiveRecord: 3.1ms)


Started GET "/games/3/edit?player_move=30" for 127.0.0.1 at 2017-02-02 16:10:02 -0500
Processing by GamesController#edit as */*
  Parameters: {"player_move"=>"30", "id"=>"3"}
  [1m[36mGame Load (0.2ms)[0m  [1m[34mSELECT  "games".* FROM "games" WHERE "games"."id" = $1 LIMIT $2[0m  [["id", 3], ["LIMIT", 1]]
  [1m[35m (0.1ms)[0m  [1m[35mBEGIN[0m
  [1m[36mUser Load (0.3ms)[0m  [1m[34mSELECT  "users".* FROM "users" WHERE "users"."id" = $1 LIMIT $2[0m  [["id", 1], ["LIMIT", 1]]
  [1m[35mSQL (0.6ms)[0m  [1m[33mUPDATE "games" SET "game_board" = $1, "updated_at" = $2 WHERE "games"."id" = $3[0m  [["game_board", "{{x,\" \",\" \",\" \",\" \"},{o,x,\" \",\" \",\" \"},{x,x,o,o,\" \"},{x,\" \",\" \",o,\" \"},{\" \",\" \",\" \",\" \",o}}"], ["updated_at", 2017-02-02 21:10:02 UTC], ["id", 3]]
  [1m[35m (2.6ms)[0m  [1m[35mCOMMIT[0m
Completed 200 OK in 11ms (Views: 0.6ms | ActiveRecord: 3.9ms)


Started GET "/games/3/edit?player_move=40" for 127.0.0.1 at 2017-02-02 16:10:04 -0500
Processing by GamesController#edit as */*
  Parameters: {"player_move"=>"40", "id"=>"3"}
  [1m[36mGame Load (4.6ms)[0m  [1m[34mSELECT  "games".* FROM "games" WHERE "games"."id" = $1 LIMIT $2[0m  [["id", 3], ["LIMIT", 1]]
  [1m[35m (0.2ms)[0m  [1m[35mBEGIN[0m
  [1m[36mUser Load (0.2ms)[0m  [1m[34mSELECT  "users".* FROM "users" WHERE "users"."id" = $1 LIMIT $2[0m  [["id", 1], ["LIMIT", 1]]
  [1m[35mSQL (0.5ms)[0m  [1m[33mUPDATE "games" SET "game_board" = $1, "updated_at" = $2 WHERE "games"."id" = $3[0m  [["game_board", "{{x,\" \",\" \",\" \",\" \"},{o,x,\" \",\" \",\" \"},{x,x,o,o,o},{x,\" \",\" \",o,\" \"},{x,\" \",\" \",\" \",o}}"], ["updated_at", 2017-02-02 21:10:04 UTC], ["id", 3]]
  [1m[35m (2.3ms)[0m  [1m[35mCOMMIT[0m
Completed 200 OK in 15ms (Views: 0.9ms | ActiveRecord: 7.8ms)


Started GET "/games/3/edit?player_move=12" for 127.0.0.1 at 2017-02-02 16:10:05 -0500
Processing by GamesController#edit as */*
  Parameters: {"player_move"=>"12", "id"=>"3"}
  [1m[36mGame Load (0.3ms)[0m  [1m[34mSELECT  "games".* FROM "games" WHERE "games"."id" = $1 LIMIT $2[0m  [["id", 3], ["LIMIT", 1]]
  [1m[35m (0.1ms)[0m  [1m[35mBEGIN[0m
  [1m[36mUser Load (0.3ms)[0m  [1m[34mSELECT  "users".* FROM "users" WHERE "users"."id" = $1 LIMIT $2[0m  [["id", 1], ["LIMIT", 1]]
  [1m[35mSQL (0.3ms)[0m  [1m[33mUPDATE "games" SET "game_board" = $1, "updated_at" = $2 WHERE "games"."id" = $3[0m  [["game_board", "{{x,\" \",\" \",\" \",\" \"},{o,x,x,o,\" \"},{x,x,o,o,o},{x,\" \",\" \",o,\" \"},{x,\" \",\" \",\" \",o}}"], ["updated_at", 2017-02-02 21:10:05 UTC], ["id", 3]]
  [1m[35m (2.0ms)[0m  [1m[35mCOMMIT[0m
Completed 200 OK in 10ms (Views: 0.6ms | ActiveRecord: 3.1ms)


Started GET "/games/3/edit?player_move=31" for 127.0.0.1 at 2017-02-02 16:10:06 -0500
Processing by GamesController#edit as */*
  Parameters: {"player_move"=>"31", "id"=>"3"}
  [1m[36mGame Load (0.3ms)[0m  [1m[34mSELECT  "games".* FROM "games" WHERE "games"."id" = $1 LIMIT $2[0m  [["id", 3], ["LIMIT", 1]]
  [1m[35m (0.1ms)[0m  [1m[35mBEGIN[0m
  [1m[36mUser Load (0.2ms)[0m  [1m[34mSELECT  "users".* FROM "users" WHERE "users"."id" = $1 LIMIT $2[0m  [["id", 1], ["LIMIT", 1]]
  [1m[35mSQL (0.3ms)[0m  [1m[33mUPDATE "games" SET "game_board" = $1, "updated_at" = $2 WHERE "games"."id" = $3[0m  [["game_board", "{{x,o,\" \",\" \",\" \"},{o,x,x,o,\" \"},{x,x,o,o,o},{x,x,\" \",o,\" \"},{x,\" \",\" \",\" \",o}}"], ["updated_at", 2017-02-02 21:10:06 UTC], ["id", 3]]
  [1m[35m (2.0ms)[0m  [1m[35mCOMMIT[0m
Completed 200 OK in 8ms (Views: 0.7ms | ActiveRecord: 3.0ms)


Started GET "/games/3/edit?player_move=32" for 127.0.0.1 at 2017-02-02 16:10:09 -0500
Processing by GamesController#edit as */*
  Parameters: {"player_move"=>"32", "id"=>"3"}
  [1m[36mGame Load (0.3ms)[0m  [1m[34mSELECT  "games".* FROM "games" WHERE "games"."id" = $1 LIMIT $2[0m  [["id", 3], ["LIMIT", 1]]
  [1m[35m (0.1ms)[0m  [1m[35mBEGIN[0m
  [1m[36mUser Load (0.2ms)[0m  [1m[34mSELECT  "users".* FROM "users" WHERE "users"."id" = $1 LIMIT $2[0m  [["id", 1], ["LIMIT", 1]]
  [1m[35mSQL (0.4ms)[0m  [1m[33mUPDATE "games" SET "game_board" = $1, "updated_at" = $2 WHERE "games"."id" = $3[0m  [["game_board", "{{x,o,\" \",\" \",\" \"},{o,x,x,o,\" \"},{x,x,o,o,o},{x,x,x,o,o},{x,\" \",\" \",\" \",o}}"], ["updated_at", 2017-02-02 21:10:09 UTC], ["id", 3]]
  [1m[35m (0.9ms)[0m  [1m[35mCOMMIT[0m
Completed 200 OK in 9ms (Views: 0.7ms | ActiveRecord: 1.9ms)


Started GET "/games/3/edit?player_move=14" for 127.0.0.1 at 2017-02-02 16:10:11 -0500
Processing by GamesController#edit as */*
  Parameters: {"player_move"=>"14", "id"=>"3"}
  [1m[36mGame Load (0.5ms)[0m  [1m[34mSELECT  "games".* FROM "games" WHERE "games"."id" = $1 LIMIT $2[0m  [["id", 3], ["LIMIT", 1]]
  [1m[35m (0.1ms)[0m  [1m[35mBEGIN[0m
  [1m[36mUser Load (0.2ms)[0m  [1m[34mSELECT  "users".* FROM "users" WHERE "users"."id" = $1 LIMIT $2[0m  [["id", 1], ["LIMIT", 1]]
  [1m[35mSQL (0.3ms)[0m  [1m[33mUPDATE "games" SET "game_board" = $1, "updated_at" = $2 WHERE "games"."id" = $3[0m  [["game_board", "{{x,o,\" \",\" \",\" \"},{o,x,x,o,x},{x,x,o,o,o},{x,x,x,o,o},{x,o,\" \",\" \",o}}"], ["updated_at", 2017-02-02 21:10:11 UTC], ["id", 3]]
  [1m[35m (0.7ms)[0m  [1m[35mCOMMIT[0m
Completed 200 OK in 9ms (Views: 0.9ms | ActiveRecord: 1.9ms)


Started GET "/games/3/edit?player_move=04" for 127.0.0.1 at 2017-02-02 16:10:11 -0500
Processing by GamesController#edit as */*
  Parameters: {"player_move"=>"04", "id"=>"3"}
  [1m[36mGame Load (0.4ms)[0m  [1m[34mSELECT  "games".* FROM "games" WHERE "games"."id" = $1 LIMIT $2[0m  [["id", 3], ["LIMIT", 1]]
  [1m[35m (0.2ms)[0m  [1m[35mBEGIN[0m
  [1m[36mUser Load (0.3ms)[0m  [1m[34mSELECT  "users".* FROM "users" WHERE "users"."id" = $1 LIMIT $2[0m  [["id", 1], ["LIMIT", 1]]
  [1m[35mSQL (0.4ms)[0m  [1m[33mUPDATE "games" SET "game_board" = $1, "updated_at" = $2 WHERE "games"."id" = $3[0m  [["game_board", "{{x,o,o,\" \",x},{o,x,x,o,x},{x,x,o,o,o},{x,x,x,o,o},{x,o,\" \",\" \",o}}"], ["updated_at", 2017-02-02 21:10:11 UTC], ["id", 3]]
  [1m[35m (0.3ms)[0m  [1m[35mCOMMIT[0m
Completed 200 OK in 10ms (Views: 0.7ms | ActiveRecord: 1.6ms)


Started GET "/games/3/edit?player_move=03" for 127.0.0.1 at 2017-02-02 16:10:12 -0500
Processing by GamesController#edit as */*
  Parameters: {"player_move"=>"03", "id"=>"3"}
  [1m[36mGame Load (0.3ms)[0m  [1m[34mSELECT  "games".* FROM "games" WHERE "games"."id" = $1 LIMIT $2[0m  [["id", 3], ["LIMIT", 1]]
  [1m[35m (0.1ms)[0m  [1m[35mBEGIN[0m
  [1m[36mUser Load (0.2ms)[0m  [1m[34mSELECT  "users".* FROM "users" WHERE "users"."id" = $1 LIMIT $2[0m  [["id", 1], ["LIMIT", 1]]
  [1m[35mSQL (0.4ms)[0m  [1m[33mUPDATE "games" SET "game_board" = $1, "updated_at" = $2 WHERE "games"."id" = $3[0m  [["game_board", "{{x,o,o,x,x},{o,x,x,o,x},{x,x,o,o,o},{x,x,x,o,o},{x,o,o,\" \",o}}"], ["updated_at", 2017-02-02 21:10:12 UTC], ["id", 3]]
  [1m[35m (2.0ms)[0m  [1m[35mCOMMIT[0m
Completed 200 OK in 9ms (Views: 0.7ms | ActiveRecord: 3.1ms)


Started GET "/games/3/edit?player_move=43" for 127.0.0.1 at 2017-02-02 16:10:15 -0500
Processing by GamesController#edit as */*
  Parameters: {"player_move"=>"43", "id"=>"3"}
  [1m[36mGame Load (0.3ms)[0m  [1m[34mSELECT  "games".* FROM "games" WHERE "games"."id" = $1 LIMIT $2[0m  [["id", 3], ["LIMIT", 1]]
  [1m[35m (0.1ms)[0m  [1m[35mBEGIN[0m
  [1m[36mUser Load (0.2ms)[0m  [1m[34mSELECT  "users".* FROM "users" WHERE "users"."id" = $1 LIMIT $2[0m  [["id", 1], ["LIMIT", 1]]
  [1m[35mSQL (0.3ms)[0m  [1m[33mUPDATE "games" SET "game_status" = $1, "game_board" = $2, "updated_at" = $3 WHERE "games"."id" = $4[0m  [["game_status", "Draw!"], ["game_board", "{{x,o,o,x,x},{o,x,x,o,x},{x,x,o,o,o},{x,x,x,o,o},{x,o,o,x,o}}"], ["updated_at", 2017-02-02 21:10:15 UTC], ["id", 3]]
  [1m[35m (2.2ms)[0m  [1m[35mCOMMIT[0m
Completed 200 OK in 8ms (Views: 0.6ms | ActiveRecord: 3.1ms)


Started GET "/users/show" for 127.0.0.1 at 2017-02-02 16:10:34 -0500
Processing by UsersController#show as HTML
  Parameters: {"id"=>"show"}
  [1m[36mUser Load (0.2ms)[0m  [1m[34mSELECT  "users".* FROM "users" WHERE "users"."id" = $1 LIMIT $2[0m  [["id", 1], ["LIMIT", 1]]
  [1m[36mCACHE (0.0ms)[0m  [1m[34mSELECT  "users".* FROM "users" WHERE "users"."id" = $1 LIMIT $2[0m  [["id", 1], ["LIMIT", 1]]
  Rendering users/show.html.erb within layouts/application
  [1m[36mGame Load (0.3ms)[0m  [1m[34mSELECT "games".* FROM "games" WHERE "games"."user_id" = $1[0m  [["user_id", 1]]
  [1m[36mGame Load (0.4ms)[0m  [1m[34mSELECT "games".* FROM "games" WHERE "games"."user_id" = $1 ORDER BY "games"."id" ASC[0m  [["user_id", 1]]
  Rendered users/show.html.erb within layouts/application (3.6ms)
Completed 200 OK in 66ms (Views: 62.5ms | ActiveRecord: 0.8ms)


Started GET "/" for 127.0.0.1 at 2017-02-02 16:10:45 -0500
Processing by GamesController#index as HTML
  Rendering games/index.html.erb within layouts/application
  Rendered games/index.html.erb within layouts/application (1.4ms)
  [1m[36mUser Load (0.3ms)[0m  [1m[34mSELECT  "users".* FROM "users" WHERE "users"."id" = $1 LIMIT $2[0m  [["id", 1], ["LIMIT", 1]]
Completed 200 OK in 59ms (Views: 57.0ms | ActiveRecord: 0.3ms)


Started GET "/" for 127.0.0.1 at 2017-02-02 16:11:17 -0500
Processing by GamesController#index as HTML
  Rendering games/index.html.erb within layouts/application
  Rendered games/index.html.erb within layouts/application (1.4ms)
  [1m[36mUser Load (0.4ms)[0m  [1m[34mSELECT  "users".* FROM "users" WHERE "users"."id" = $1 LIMIT $2[0m  [["id", 1], ["LIMIT", 1]]
Completed 200 OK in 59ms (Views: 56.4ms | ActiveRecord: 0.4ms)


Started GET "/" for 127.0.0.1 at 2017-02-02 16:23:49 -0500
Processing by GamesController#index as HTML
  Rendering games/index.html.erb within layouts/application
  Rendered games/index.html.erb within layouts/application (1.5ms)
  [1m[36mUser Load (0.2ms)[0m  [1m[34mSELECT  "users".* FROM "users" WHERE "users"."id" = $1 LIMIT $2[0m  [["id", 1], ["LIMIT", 1]]
Completed 200 OK in 161ms (Views: 158.8ms | ActiveRecord: 0.2ms)


Started GET "/logout" for 127.0.0.1 at 2017-02-02 16:23:50 -0500
Processing by SessionsController#destroy as HTML
Redirected to http://localhost:3000/
Completed 302 Found in 1ms (ActiveRecord: 0.0ms)


Started GET "/" for 127.0.0.1 at 2017-02-02 16:23:50 -0500
Processing by GamesController#index as HTML
  Rendering games/index.html.erb within layouts/application
  Rendered games/index.html.erb within layouts/application (1.8ms)
Completed 200 OK in 67ms (Views: 65.3ms | ActiveRecord: 0.0ms)


Started GET "/login" for 127.0.0.1 at 2017-02-02 16:37:58 -0500
Processing by SessionsController#new as HTML
  Rendering sessions/new.html.erb within layouts/application
  Rendered sessions/new.html.erb within layouts/application (1.6ms)
Completed 200 OK in 91ms (Views: 86.8ms | ActiveRecord: 0.0ms)


Started POST "/login" for 127.0.0.1 at 2017-02-02 16:37:59 -0500
Processing by SessionsController#create as HTML
  Parameters: {"utf8"=>"✓", "authenticity_token"=>"iLOh7MxXfJBtKSki+MpbZaNrw8E9zRXTuxMuLaFWtNchKnuwY1oSQLyr/OhaYbvkLLLW4Nc5uetwHgy310NZVA==", "username"=>"abc", "password"=>"[FILTERED]"}
  [1m[36mUser Load (0.3ms)[0m  [1m[34mSELECT  "users".* FROM "users" WHERE "users"."username" = $1 LIMIT $2[0m  [["username", "abc"], ["LIMIT", 1]]
Redirected to http://localhost:3000/
Completed 302 Found in 79ms (ActiveRecord: 0.3ms)


Started GET "/" for 127.0.0.1 at 2017-02-02 16:37:59 -0500
Processing by GamesController#index as HTML
  Rendering games/index.html.erb within layouts/application
  Rendered games/index.html.erb within layouts/application (1.9ms)
  [1m[36mUser Load (0.4ms)[0m  [1m[34mSELECT  "users".* FROM "users" WHERE "users"."id" = $1 LIMIT $2[0m  [["id", 1], ["LIMIT", 1]]
Completed 200 OK in 52ms (Views: 50.8ms | ActiveRecord: 0.4ms)


Started POST "/games" for 127.0.0.1 at 2017-02-02 16:38:07 -0500
Processing by GamesController#create as HTML
  Parameters: {"utf8"=>"✓", "authenticity_token"=>"rLXN7pg2YPfRSt3CpGDwNNa0pG0Em7cOTP1ghIwiUx4FLBeyNzsOJwDICAgGyxC1WW2xTO5vGzaH8EIe+je+nQ==", "difficulty"=>"easy", "button"=>""}
  [1m[36mUser Load (0.4ms)[0m  [1m[34mSELECT  "users".* FROM "users" WHERE "users"."id" = $1 LIMIT $2[0m  [["id", 1], ["LIMIT", 1]]
  [1m[35m (0.2ms)[0m  [1m[35mBEGIN[0m
  [1m[35mSQL (0.5ms)[0m  [1m[32mINSERT INTO "games" ("user_id", "difficulty", "created_at", "updated_at") VALUES ($1, $2, $3, $4) RETURNING "id"[0m  [["user_id", 1], ["difficulty", "easy"], ["created_at", 2017-02-02 21:38:07 UTC], ["updated_at", 2017-02-02 21:38:07 UTC]]
  [1m[35m (2.2ms)[0m  [1m[35mCOMMIT[0m
Redirected to http://localhost:3000/games/4
Completed 302 Found in 11ms (ActiveRecord: 3.2ms)


Started GET "/games/4" for 127.0.0.1 at 2017-02-02 16:38:07 -0500
Processing by GamesController#show as HTML
  Parameters: {"id"=>"4"}
  [1m[36mGame Load (0.2ms)[0m  [1m[34mSELECT  "games".* FROM "games" WHERE "games"."id" = $1 LIMIT $2[0m  [["id", 4], ["LIMIT", 1]]
  Rendering games/show.html.erb within layouts/application
  Rendered games/show.html.erb within layouts/application (0.9ms)
  [1m[36mUser Load (0.2ms)[0m  [1m[34mSELECT  "users".* FROM "users" WHERE "users"."id" = $1 LIMIT $2[0m  [["id", 1], ["LIMIT", 1]]
Completed 200 OK in 64ms (Views: 59.4ms | ActiveRecord: 0.5ms)


Started GET "/" for 127.0.0.1 at 2017-02-02 16:40:41 -0500
Processing by GamesController#index as HTML
  Rendering games/index.html.erb within layouts/application
  Rendered games/index.html.erb within layouts/application (1.9ms)
  [1m[36mUser Load (0.3ms)[0m  [1m[34mSELECT  "users".* FROM "users" WHERE "users"."id" = $1 LIMIT $2[0m  [["id", 1], ["LIMIT", 1]]
Completed 200 OK in 80ms (Views: 78.4ms | ActiveRecord: 0.3ms)


Started GET "/" for 127.0.0.1 at 2017-02-02 16:42:19 -0500
Processing by GamesController#index as HTML
  Rendering games/index.html.erb within layouts/application
  Rendered games/index.html.erb within layouts/application (2.0ms)
  [1m[36mUser Load (0.3ms)[0m  [1m[34mSELECT  "users".* FROM "users" WHERE "users"."id" = $1 LIMIT $2[0m  [["id", 1], ["LIMIT", 1]]
Completed 200 OK in 64ms (Views: 61.5ms | ActiveRecord: 0.3ms)


Started GET "/users/show" for 127.0.0.1 at 2017-02-02 16:42:20 -0500
Processing by UsersController#show as HTML
  Parameters: {"id"=>"show"}
  [1m[36mUser Load (0.2ms)[0m  [1m[34mSELECT  "users".* FROM "users" WHERE "users"."id" = $1 LIMIT $2[0m  [["id", 1], ["LIMIT", 1]]
  [1m[36mCACHE (0.0ms)[0m  [1m[34mSELECT  "users".* FROM "users" WHERE "users"."id" = $1 LIMIT $2[0m  [["id", 1], ["LIMIT", 1]]
  Rendering users/show.html.erb within layouts/application
  [1m[36mGame Load (0.2ms)[0m  [1m[34mSELECT "games".* FROM "games" WHERE "games"."user_id" = $1[0m  [["user_id", 1]]
  [1m[36mGame Load (0.4ms)[0m  [1m[34mSELECT "games".* FROM "games" WHERE "games"."user_id" = $1 ORDER BY "games"."id" ASC[0m  [["user_id", 1]]
  Rendered users/show.html.erb within layouts/application (3.9ms)
Completed 200 OK in 72ms (Views: 66.4ms | ActiveRecord: 0.8ms)


Started GET "/games/4" for 127.0.0.1 at 2017-02-02 16:42:26 -0500
Processing by GamesController#show as HTML
  Parameters: {"id"=>"4"}
  [1m[36mGame Load (0.2ms)[0m  [1m[34mSELECT  "games".* FROM "games" WHERE "games"."id" = $1 LIMIT $2[0m  [["id", 4], ["LIMIT", 1]]
  Rendering games/show.html.erb within layouts/application
  Rendered games/show.html.erb within layouts/application (1.0ms)
  [1m[36mUser Load (0.2ms)[0m  [1m[34mSELECT  "users".* FROM "users" WHERE "users"."id" = $1 LIMIT $2[0m  [["id", 1], ["LIMIT", 1]]
Completed 200 OK in 52ms (Views: 50.0ms | ActiveRecord: 0.5ms)


Started GET "/games/4/edit?player_move=00" for 127.0.0.1 at 2017-02-02 16:42:30 -0500
Processing by GamesController#edit as */*
  Parameters: {"player_move"=>"00", "id"=>"4"}
  [1m[36mGame Load (0.3ms)[0m  [1m[34mSELECT  "games".* FROM "games" WHERE "games"."id" = $1 LIMIT $2[0m  [["id", 4], ["LIMIT", 1]]
  [1m[35m (0.1ms)[0m  [1m[35mBEGIN[0m
  [1m[36mUser Load (0.2ms)[0m  [1m[34mSELECT  "users".* FROM "users" WHERE "users"."id" = $1 LIMIT $2[0m  [["id", 1], ["LIMIT", 1]]
  [1m[35mSQL (0.4ms)[0m  [1m[33mUPDATE "games" SET "game_board" = $1, "updated_at" = $2 WHERE "games"."id" = $3[0m  [["game_board", "{{x,\" \",\" \",\" \",\" \"},{\" \",\" \",\" \",\" \",o},{\" \",\" \",\" \",\" \",\" \"},{\" \",\" \",\" \",\" \",\" \"},{\" \",\" \",\" \",\" \",\" \"}}"], ["updated_at", 2017-02-02 21:42:30 UTC], ["id", 4]]
  [1m[35m (2.3ms)[0m  [1m[35mCOMMIT[0m
Completed 200 OK in 10ms (Views: 1.1ms | ActiveRecord: 3.3ms)


Started GET "/games/4/edit?player_move=11" for 127.0.0.1 at 2017-02-02 16:42:31 -0500
Processing by GamesController#edit as */*
  Parameters: {"player_move"=>"11", "id"=>"4"}
  [1m[36mGame Load (0.5ms)[0m  [1m[34mSELECT  "games".* FROM "games" WHERE "games"."id" = $1 LIMIT $2[0m  [["id", 4], ["LIMIT", 1]]
  [1m[35m (0.2ms)[0m  [1m[35mBEGIN[0m
  [1m[36mUser Load (0.2ms)[0m  [1m[34mSELECT  "users".* FROM "users" WHERE "users"."id" = $1 LIMIT $2[0m  [["id", 1], ["LIMIT", 1]]
  [1m[35mSQL (0.4ms)[0m  [1m[33mUPDATE "games" SET "game_board" = $1, "updated_at" = $2 WHERE "games"."id" = $3[0m  [["game_board", "{{x,\" \",\" \",\" \",\" \"},{\" \",x,\" \",\" \",o},{\" \",\" \",\" \",\" \",\" \"},{\" \",\" \",\" \",\" \",\" \"},{\" \",\" \",\" \",\" \",o}}"], ["updated_at", 2017-02-02 21:42:31 UTC], ["id", 4]]
  [1m[35m (4.8ms)[0m  [1m[35mCOMMIT[0m
Completed 200 OK in 16ms (Views: 1.5ms | ActiveRecord: 6.1ms)


Started GET "/games/4/edit?player_move=21" for 127.0.0.1 at 2017-02-02 16:42:32 -0500
Processing by GamesController#edit as */*
  Parameters: {"player_move"=>"21", "id"=>"4"}
  [1m[36mGame Load (0.5ms)[0m  [1m[34mSELECT  "games".* FROM "games" WHERE "games"."id" = $1 LIMIT $2[0m  [["id", 4], ["LIMIT", 1]]
  [1m[35m (0.2ms)[0m  [1m[35mBEGIN[0m
  [1m[36mUser Load (0.2ms)[0m  [1m[34mSELECT  "users".* FROM "users" WHERE "users"."id" = $1 LIMIT $2[0m  [["id", 1], ["LIMIT", 1]]
  [1m[35mSQL (0.4ms)[0m  [1m[33mUPDATE "games" SET "game_board" = $1, "updated_at" = $2 WHERE "games"."id" = $3[0m  [["game_board", "{{x,\" \",\" \",\" \",\" \"},{\" \",x,\" \",\" \",o},{\" \",x,\" \",\" \",\" \"},{\" \",\" \",\" \",\" \",\" \"},{\" \",\" \",\" \",o,o}}"], ["updated_at", 2017-02-02 21:42:32 UTC], ["id", 4]]
  [1m[35m (2.1ms)[0m  [1m[35mCOMMIT[0m
Completed 200 OK in 11ms (Views: 0.9ms | ActiveRecord: 3.4ms)


Started GET "/games/4/edit?player_move=31" for 127.0.0.1 at 2017-02-02 16:42:33 -0500
Processing by GamesController#edit as */*
  Parameters: {"player_move"=>"31", "id"=>"4"}
  [1m[36mGame Load (0.2ms)[0m  [1m[34mSELECT  "games".* FROM "games" WHERE "games"."id" = $1 LIMIT $2[0m  [["id", 4], ["LIMIT", 1]]
  [1m[35m (0.1ms)[0m  [1m[35mBEGIN[0m
  [1m[36mUser Load (0.2ms)[0m  [1m[34mSELECT  "users".* FROM "users" WHERE "users"."id" = $1 LIMIT $2[0m  [["id", 1], ["LIMIT", 1]]
  [1m[35mSQL (0.4ms)[0m  [1m[33mUPDATE "games" SET "game_board" = $1, "updated_at" = $2 WHERE "games"."id" = $3[0m  [["game_board", "{{x,\" \",\" \",\" \",\" \"},{\" \",x,\" \",\" \",o},{\" \",x,\" \",\" \",\" \"},{o,x,\" \",\" \",\" \"},{\" \",\" \",\" \",o,o}}"], ["updated_at", 2017-02-02 21:42:33 UTC], ["id", 4]]
  [1m[35m (2.1ms)[0m  [1m[35mCOMMIT[0m
Completed 200 OK in 10ms (Views: 1.0ms | ActiveRecord: 3.0ms)


Started GET "/games/4/edit?player_move=41" for 127.0.0.1 at 2017-02-02 16:42:34 -0500
Processing by GamesController#edit as */*
  Parameters: {"player_move"=>"41", "id"=>"4"}
  [1m[36mGame Load (0.3ms)[0m  [1m[34mSELECT  "games".* FROM "games" WHERE "games"."id" = $1 LIMIT $2[0m  [["id", 4], ["LIMIT", 1]]
  [1m[35m (0.2ms)[0m  [1m[35mBEGIN[0m
  [1m[36mUser Load (0.4ms)[0m  [1m[34mSELECT  "users".* FROM "users" WHERE "users"."id" = $1 LIMIT $2[0m  [["id", 1], ["LIMIT", 1]]
  [1m[35mSQL (0.6ms)[0m  [1m[33mUPDATE "games" SET "game_board" = $1, "updated_at" = $2 WHERE "games"."id" = $3[0m  [["game_board", "{{x,\" \",\" \",\" \",\" \"},{\" \",x,o,\" \",o},{\" \",x,\" \",\" \",\" \"},{o,x,\" \",\" \",\" \"},{\" \",x,\" \",o,o}}"], ["updated_at", 2017-02-02 21:42:34 UTC], ["id", 4]]
  [1m[35m (2.3ms)[0m  [1m[35mCOMMIT[0m
Completed 200 OK in 14ms (Views: 1.7ms | ActiveRecord: 3.8ms)


Started GET "/games/4/edit?player_move=01" for 127.0.0.1 at 2017-02-02 16:42:35 -0500
Processing by GamesController#edit as */*
  Parameters: {"player_move"=>"01", "id"=>"4"}
  [1m[36mGame Load (0.6ms)[0m  [1m[34mSELECT  "games".* FROM "games" WHERE "games"."id" = $1 LIMIT $2[0m  [["id", 4], ["LIMIT", 1]]
  [1m[35m (0.2ms)[0m  [1m[35mBEGIN[0m
  [1m[36mUser Load (0.2ms)[0m  [1m[34mSELECT  "users".* FROM "users" WHERE "users"."id" = $1 LIMIT $2[0m  [["id", 1], ["LIMIT", 1]]
  [1m[35mSQL (0.4ms)[0m  [1m[33mUPDATE "games" SET "game_status" = $1, "game_board" = $2, "updated_at" = $3 WHERE "games"."id" = $4[0m  [["game_status", "Player Won!"], ["game_board", "{{x,x,\" \",\" \",o},{\" \",x,o,\" \",o},{\" \",x,\" \",\" \",\" \"},{o,x,\" \",\" \",\" \"},{\" \",x,\" \",o,o}}"], ["updated_at", 2017-02-02 21:42:35 UTC], ["id", 4]]
  [1m[35m (2.1ms)[0m  [1m[35mCOMMIT[0m
Completed 200 OK in 13ms (Views: 1.1ms | ActiveRecord: 3.6ms)


Started GET "/users/show" for 127.0.0.1 at 2017-02-02 16:44:10 -0500
Processing by UsersController#show as HTML
  Parameters: {"id"=>"show"}
  [1m[36mUser Load (0.2ms)[0m  [1m[34mSELECT  "users".* FROM "users" WHERE "users"."id" = $1 LIMIT $2[0m  [["id", 1], ["LIMIT", 1]]
  [1m[36mCACHE (0.0ms)[0m  [1m[34mSELECT  "users".* FROM "users" WHERE "users"."id" = $1 LIMIT $2[0m  [["id", 1], ["LIMIT", 1]]
  Rendering users/show.html.erb within layouts/application
  [1m[36mGame Load (0.3ms)[0m  [1m[34mSELECT "games".* FROM "games" WHERE "games"."user_id" = $1[0m  [["user_id", 1]]
  [1m[36mGame Load (0.4ms)[0m  [1m[34mSELECT "games".* FROM "games" WHERE "games"."user_id" = $1 ORDER BY "games"."id" ASC[0m  [["user_id", 1]]
  Rendered users/show.html.erb within layouts/application (4.1ms)
Completed 200 OK in 67ms (Views: 64.0ms | ActiveRecord: 0.9ms)


Started GET "/users/show" for 127.0.0.1 at 2017-02-02 16:44:14 -0500
Processing by UsersController#show as HTML
  Parameters: {"id"=>"show"}
  [1m[36mUser Load (0.2ms)[0m  [1m[34mSELECT  "users".* FROM "users" WHERE "users"."id" = $1 LIMIT $2[0m  [["id", 1], ["LIMIT", 1]]
  [1m[36mCACHE (0.0ms)[0m  [1m[34mSELECT  "users".* FROM "users" WHERE "users"."id" = $1 LIMIT $2[0m  [["id", 1], ["LIMIT", 1]]
  Rendering users/show.html.erb within layouts/application
  [1m[36mGame Load (0.2ms)[0m  [1m[34mSELECT "games".* FROM "games" WHERE "games"."user_id" = $1[0m  [["user_id", 1]]
  [1m[36mGame Load (0.6ms)[0m  [1m[34mSELECT "games".* FROM "games" WHERE "games"."user_id" = $1 ORDER BY "games"."id" ASC[0m  [["user_id", 1]]
  Rendered users/show.html.erb within layouts/application (4.7ms)
Completed 200 OK in 61ms (Views: 57.8ms | ActiveRecord: 1.1ms)


Started GET "/" for 127.0.0.1 at 2017-02-02 16:44:15 -0500
Processing by GamesController#index as HTML
  Rendering games/index.html.erb within layouts/application
  Rendered games/index.html.erb within layouts/application (1.5ms)
  [1m[36mUser Load (0.3ms)[0m  [1m[34mSELECT  "users".* FROM "users" WHERE "users"."id" = $1 LIMIT $2[0m  [["id", 1], ["LIMIT", 1]]
Completed 200 OK in 59ms (Views: 57.2ms | ActiveRecord: 0.3ms)


Started GET "/" for 127.0.0.1 at 2017-02-02 17:30:20 -0500
  [1m[36mActiveRecord::SchemaMigration Load (0.7ms)[0m  [1m[34mSELECT "schema_migrations".* FROM "schema_migrations"[0m
Processing by GamesController#index as HTML
  Rendering games/index.html.erb within layouts/application
  Rendered games/index.html.erb within layouts/application (37.0ms)
  [1m[36mUser Load (0.4ms)[0m  [1m[34mSELECT  "users".* FROM "users" WHERE "users"."id" = $1 LIMIT $2[0m  [["id", 1], ["LIMIT", 1]]
Completed 200 OK in 1188ms (Views: 1155.2ms | ActiveRecord: 9.1ms)


Started GET "/logout" for 127.0.0.1 at 2017-02-02 17:30:24 -0500
Processing by SessionsController#destroy as HTML
Redirected to http://localhost:3000/
Completed 302 Found in 1ms (ActiveRecord: 0.0ms)


Started GET "/" for 127.0.0.1 at 2017-02-02 17:30:24 -0500
Processing by GamesController#index as HTML
  Rendering games/index.html.erb within layouts/application
  Rendered games/index.html.erb within layouts/application (2.7ms)
Completed 200 OK in 93ms (Views: 91.6ms | ActiveRecord: 0.0ms)


Started POST "/games" for 127.0.0.1 at 2017-02-02 17:30:28 -0500
Processing by GamesController#create as HTML
  Parameters: {"utf8"=>"✓", "authenticity_token"=>"AEEnjGrHQJ7432FXO+L95JB7QYtUvFTiqPa9Cxg7IXKp2P3QxcouTildtJ2ZSR1lH6JUqr5I+Npj+5+Rbi7M8Q==", "difficulty"=>"impossible", "button"=>""}
  [1m[35m (0.2ms)[0m  [1m[35mBEGIN[0m
  [1m[35mSQL (1.3ms)[0m  [1m[32mINSERT INTO "games" ("created_at", "updated_at") VALUES ($1, $2) RETURNING "id"[0m  [["created_at", 2017-02-02 22:30:28 UTC], ["updated_at", 2017-02-02 22:30:28 UTC]]
  [1m[35m (5.5ms)[0m  [1m[35mCOMMIT[0m
Redirected to http://localhost:3000/games/5
Completed 302 Found in 62ms (ActiveRecord: 7.0ms)


Started GET "/games/5" for 127.0.0.1 at 2017-02-02 17:30:28 -0500
Processing by GamesController#show as HTML
  Parameters: {"id"=>"5"}
  [1m[36mGame Load (0.8ms)[0m  [1m[34mSELECT  "games".* FROM "games" WHERE "games"."id" = $1 LIMIT $2[0m  [["id", 5], ["LIMIT", 1]]
  Rendering games/show.html.erb within layouts/application
  Rendered games/show.html.erb within layouts/application (3.1ms)
Completed 200 OK in 68ms (Views: 60.9ms | ActiveRecord: 1.0ms)


Started GET "/games/5/edit?player_move=00" for 127.0.0.1 at 2017-02-02 17:30:31 -0500
Processing by GamesController#edit as */*
  Parameters: {"player_move"=>"00", "id"=>"5"}
  [1m[36mGame Load (0.3ms)[0m  [1m[34mSELECT  "games".* FROM "games" WHERE "games"."id" = $1 LIMIT $2[0m  [["id", 5], ["LIMIT", 1]]
  [1m[35m (0.2ms)[0m  [1m[35mBEGIN[0m
  [1m[35m (2.4ms)[0m  [1m[31mROLLBACK[0m
Completed 200 OK in 8ms (Views: 1.1ms | ActiveRecord: 2.9ms)


Started GET "/games/5/edit?player_move=01" for 127.0.0.1 at 2017-02-02 17:30:32 -0500
Processing by GamesController#edit as */*
  Parameters: {"player_move"=>"01", "id"=>"5"}
  [1m[36mGame Load (0.8ms)[0m  [1m[34mSELECT  "games".* FROM "games" WHERE "games"."id" = $1 LIMIT $2[0m  [["id", 5], ["LIMIT", 1]]
  [1m[35m (0.5ms)[0m  [1m[35mBEGIN[0m
  [1m[35m (0.2ms)[0m  [1m[31mROLLBACK[0m
Completed 200 OK in 10ms (Views: 1.2ms | ActiveRecord: 1.5ms)


Started GET "/games/5/edit?player_move=11" for 127.0.0.1 at 2017-02-02 17:30:32 -0500
Processing by GamesController#edit as */*
  Parameters: {"player_move"=>"11", "id"=>"5"}
  [1m[36mGame Load (0.6ms)[0m  [1m[34mSELECT  "games".* FROM "games" WHERE "games"."id" = $1 LIMIT $2[0m  [["id", 5], ["LIMIT", 1]]
  [1m[35m (0.3ms)[0m  [1m[35mBEGIN[0m
  [1m[35m (0.1ms)[0m  [1m[31mROLLBACK[0m
Completed 200 OK in 7ms (Views: 1.7ms | ActiveRecord: 0.9ms)


Started GET "/games/5/edit?player_move=10" for 127.0.0.1 at 2017-02-02 17:30:33 -0500
Processing by GamesController#edit as */*
  Parameters: {"player_move"=>"10", "id"=>"5"}
  [1m[36mGame Load (0.4ms)[0m  [1m[34mSELECT  "games".* FROM "games" WHERE "games"."id" = $1 LIMIT $2[0m  [["id", 5], ["LIMIT", 1]]
  [1m[35m (0.2ms)[0m  [1m[35mBEGIN[0m
  [1m[35m (0.1ms)[0m  [1m[31mROLLBACK[0m
Completed 200 OK in 5ms (Views: 0.9ms | ActiveRecord: 0.7ms)


Started GET "/games/5/edit?player_move=00" for 127.0.0.1 at 2017-02-02 17:30:34 -0500
Processing by GamesController#edit as */*
  Parameters: {"player_move"=>"00", "id"=>"5"}
  [1m[36mGame Load (0.3ms)[0m  [1m[34mSELECT  "games".* FROM "games" WHERE "games"."id" = $1 LIMIT $2[0m  [["id", 5], ["LIMIT", 1]]
  [1m[35m (0.2ms)[0m  [1m[35mBEGIN[0m
  [1m[35m (0.1ms)[0m  [1m[31mROLLBACK[0m
Completed 200 OK in 12ms (Views: 0.7ms | ActiveRecord: 0.6ms)


Started GET "/games/5/edit?player_move=11" for 127.0.0.1 at 2017-02-02 17:30:35 -0500
Processing by GamesController#edit as */*
  Parameters: {"player_move"=>"11", "id"=>"5"}
  [1m[36mGame Load (0.4ms)[0m  [1m[34mSELECT  "games".* FROM "games" WHERE "games"."id" = $1 LIMIT $2[0m  [["id", 5], ["LIMIT", 1]]
  [1m[35m (0.2ms)[0m  [1m[35mBEGIN[0m
  [1m[35m (0.3ms)[0m  [1m[31mROLLBACK[0m
Completed 200 OK in 8ms (Views: 1.4ms | ActiveRecord: 0.9ms)


Started GET "/games/5/edit?player_move=01" for 127.0.0.1 at 2017-02-02 17:30:35 -0500
Processing by GamesController#edit as */*
  Parameters: {"player_move"=>"01", "id"=>"5"}
  [1m[36mGame Load (0.4ms)[0m  [1m[34mSELECT  "games".* FROM "games" WHERE "games"."id" = $1 LIMIT $2[0m  [["id", 5], ["LIMIT", 1]]
  [1m[35m (0.2ms)[0m  [1m[35mBEGIN[0m
  [1m[35m (0.1ms)[0m  [1m[31mROLLBACK[0m
Completed 200 OK in 5ms (Views: 0.6ms | ActiveRecord: 0.7ms)


Started GET "/games/5/edit?player_move=00" for 127.0.0.1 at 2017-02-02 17:30:43 -0500
Processing by GamesController#edit as */*
  Parameters: {"player_move"=>"00", "id"=>"5"}
  [1m[36mGame Load (0.5ms)[0m  [1m[34mSELECT  "games".* FROM "games" WHERE "games"."id" = $1 LIMIT $2[0m  [["id", 5], ["LIMIT", 1]]
  [1m[35m (0.2ms)[0m  [1m[35mBEGIN[0m
  [1m[35m (0.2ms)[0m  [1m[31mROLLBACK[0m
Completed 200 OK in 9ms (Views: 1.2ms | ActiveRecord: 0.9ms)


Started GET "/games/5/edit?player_move=11" for 127.0.0.1 at 2017-02-02 17:30:44 -0500
Processing by GamesController#edit as */*
  Parameters: {"player_move"=>"11", "id"=>"5"}
  [1m[36mGame Load (0.3ms)[0m  [1m[34mSELECT  "games".* FROM "games" WHERE "games"."id" = $1 LIMIT $2[0m  [["id", 5], ["LIMIT", 1]]
  [1m[35m (0.2ms)[0m  [1m[35mBEGIN[0m
  [1m[35m (0.2ms)[0m  [1m[31mROLLBACK[0m
Completed 200 OK in 4ms (Views: 0.6ms | ActiveRecord: 0.7ms)


Started GET "/games/5/edit?player_move=12" for 127.0.0.1 at 2017-02-02 17:30:45 -0500
Processing by GamesController#edit as */*
  Parameters: {"player_move"=>"12", "id"=>"5"}
  [1m[36mGame Load (0.5ms)[0m  [1m[34mSELECT  "games".* FROM "games" WHERE "games"."id" = $1 LIMIT $2[0m  [["id", 5], ["LIMIT", 1]]
  [1m[35m (1.0ms)[0m  [1m[35mBEGIN[0m
  [1m[35m (0.3ms)[0m  [1m[31mROLLBACK[0m
Completed 200 OK in 11ms (Views: 1.7ms | ActiveRecord: 1.8ms)


Started GET "/games/5/edit?player_move=13" for 127.0.0.1 at 2017-02-02 17:30:46 -0500
Processing by GamesController#edit as */*
  Parameters: {"player_move"=>"13", "id"=>"5"}
  [1m[36mGame Load (0.4ms)[0m  [1m[34mSELECT  "games".* FROM "games" WHERE "games"."id" = $1 LIMIT $2[0m  [["id", 5], ["LIMIT", 1]]
  [1m[35m (0.2ms)[0m  [1m[35mBEGIN[0m
  [1m[35m (0.2ms)[0m  [1m[31mROLLBACK[0m
Completed 200 OK in 7ms (Views: 1.3ms | ActiveRecord: 0.8ms)


Started GET "/games/5/edit?player_move=23" for 127.0.0.1 at 2017-02-02 17:30:47 -0500
Processing by GamesController#edit as */*
  Parameters: {"player_move"=>"23", "id"=>"5"}
  [1m[36mGame Load (0.3ms)[0m  [1m[34mSELECT  "games".* FROM "games" WHERE "games"."id" = $1 LIMIT $2[0m  [["id", 5], ["LIMIT", 1]]
  [1m[35m (0.2ms)[0m  [1m[35mBEGIN[0m
  [1m[35m (0.1ms)[0m  [1m[31mROLLBACK[0m
Completed 200 OK in 4ms (Views: 0.7ms | ActiveRecord: 0.6ms)


Started GET "/games/5/edit?player_move=22" for 127.0.0.1 at 2017-02-02 17:30:48 -0500
Processing by GamesController#edit as */*
  Parameters: {"player_move"=>"22", "id"=>"5"}
  [1m[36mGame Load (0.3ms)[0m  [1m[34mSELECT  "games".* FROM "games" WHERE "games"."id" = $1 LIMIT $2[0m  [["id", 5], ["LIMIT", 1]]
  [1m[35m (0.4ms)[0m  [1m[35mBEGIN[0m
  [1m[35m (0.2ms)[0m  [1m[31mROLLBACK[0m
Completed 200 OK in 8ms (Views: 1.3ms | ActiveRecord: 1.0ms)


Started GET "/games/5/edit?player_move=21" for 127.0.0.1 at 2017-02-02 17:30:49 -0500
Processing by GamesController#edit as */*
  Parameters: {"player_move"=>"21", "id"=>"5"}
  [1m[36mGame Load (0.2ms)[0m  [1m[34mSELECT  "games".* FROM "games" WHERE "games"."id" = $1 LIMIT $2[0m  [["id", 5], ["LIMIT", 1]]
  [1m[35m (0.1ms)[0m  [1m[35mBEGIN[0m
  [1m[35m (0.2ms)[0m  [1m[31mROLLBACK[0m
Completed 200 OK in 5ms (Views: 0.7ms | ActiveRecord: 0.5ms)


Started GET "/games/5/edit?player_move=22" for 127.0.0.1 at 2017-02-02 17:30:52 -0500
Processing by GamesController#edit as */*
  Parameters: {"player_move"=>"22", "id"=>"5"}
  [1m[36mGame Load (0.2ms)[0m  [1m[34mSELECT  "games".* FROM "games" WHERE "games"."id" = $1 LIMIT $2[0m  [["id", 5], ["LIMIT", 1]]
  [1m[35m (0.1ms)[0m  [1m[35mBEGIN[0m
  [1m[35m (0.2ms)[0m  [1m[31mROLLBACK[0m
Completed 200 OK in 6ms (Views: 0.9ms | ActiveRecord: 0.6ms)


Started GET "/games/5/edit?player_move=21" for 127.0.0.1 at 2017-02-02 17:30:53 -0500
Processing by GamesController#edit as */*
  Parameters: {"player_move"=>"21", "id"=>"5"}
  [1m[36mGame Load (0.2ms)[0m  [1m[34mSELECT  "games".* FROM "games" WHERE "games"."id" = $1 LIMIT $2[0m  [["id", 5], ["LIMIT", 1]]
  [1m[35m (0.2ms)[0m  [1m[35mBEGIN[0m
  [1m[35m (0.1ms)[0m  [1m[31mROLLBACK[0m
Completed 200 OK in 4ms (Views: 0.7ms | ActiveRecord: 0.5ms)


Started GET "/games/5/edit?player_move=32" for 127.0.0.1 at 2017-02-02 17:30:55 -0500
Processing by GamesController#edit as */*
  Parameters: {"player_move"=>"32", "id"=>"5"}
  [1m[36mGame Load (0.2ms)[0m  [1m[34mSELECT  "games".* FROM "games" WHERE "games"."id" = $1 LIMIT $2[0m  [["id", 5], ["LIMIT", 1]]
  [1m[35m (0.2ms)[0m  [1m[35mBEGIN[0m
  [1m[35m (0.2ms)[0m  [1m[31mROLLBACK[0m
Completed 200 OK in 5ms (Views: 0.7ms | ActiveRecord: 0.6ms)


Started GET "/games/5/edit?player_move=22" for 127.0.0.1 at 2017-02-02 17:30:56 -0500
Processing by GamesController#edit as */*
  Parameters: {"player_move"=>"22", "id"=>"5"}
  [1m[36mGame Load (0.4ms)[0m  [1m[34mSELECT  "games".* FROM "games" WHERE "games"."id" = $1 LIMIT $2[0m  [["id", 5], ["LIMIT", 1]]
  [1m[35m (0.2ms)[0m  [1m[35mBEGIN[0m
  [1m[35m (0.2ms)[0m  [1m[31mROLLBACK[0m
Completed 200 OK in 8ms (Views: 1.3ms | ActiveRecord: 0.8ms)


Started GET "/games/5" for 127.0.0.1 at 2017-02-02 17:34:42 -0500
Processing by GamesController#show as HTML
  Parameters: {"id"=>"5"}
  [1m[36mGame Load (0.2ms)[0m  [1m[34mSELECT  "games".* FROM "games" WHERE "games"."id" = $1 LIMIT $2[0m  [["id", 5], ["LIMIT", 1]]
  Rendering games/show.html.erb within layouts/application
  Rendered games/show.html.erb within layouts/application (1.6ms)
Completed 200 OK in 65ms (Views: 52.3ms | ActiveRecord: 0.2ms)


Started GET "/games/5/edit?player_move=00" for 127.0.0.1 at 2017-02-02 17:34:44 -0500
Processing by GamesController#edit as */*
  Parameters: {"player_move"=>"00", "id"=>"5"}
  [1m[36mGame Load (0.2ms)[0m  [1m[34mSELECT  "games".* FROM "games" WHERE "games"."id" = $1 LIMIT $2[0m  [["id", 5], ["LIMIT", 1]]
  [1m[35m (0.2ms)[0m  [1m[35mBEGIN[0m
  [1m[35m (0.2ms)[0m  [1m[31mROLLBACK[0m
Completed 200 OK in 8ms (Views: 0.9ms | ActiveRecord: 0.6ms)


Started GET "/games/5/edit?player_move=11" for 127.0.0.1 at 2017-02-02 17:34:44 -0500
Processing by GamesController#edit as */*
  Parameters: {"player_move"=>"11", "id"=>"5"}
  [1m[36mGame Load (0.5ms)[0m  [1m[34mSELECT  "games".* FROM "games" WHERE "games"."id" = $1 LIMIT $2[0m  [["id", 5], ["LIMIT", 1]]
  [1m[35m (0.2ms)[0m  [1m[35mBEGIN[0m
  [1m[35m (0.4ms)[0m  [1m[31mROLLBACK[0m
Completed 200 OK in 9ms (Views: 1.3ms | ActiveRecord: 1.1ms)


Started GET "/games/5/edit?player_move=21" for 127.0.0.1 at 2017-02-02 17:34:45 -0500
Processing by GamesController#edit as */*
  Parameters: {"player_move"=>"21", "id"=>"5"}
  [1m[36mGame Load (0.3ms)[0m  [1m[34mSELECT  "games".* FROM "games" WHERE "games"."id" = $1 LIMIT $2[0m  [["id", 5], ["LIMIT", 1]]
  [1m[35m (0.2ms)[0m  [1m[35mBEGIN[0m
  [1m[35m (0.2ms)[0m  [1m[31mROLLBACK[0m
Completed 200 OK in 9ms (Views: 2.0ms | ActiveRecord: 0.7ms)


Started GET "/games/5/edit?player_move=22" for 127.0.0.1 at 2017-02-02 17:34:46 -0500
Processing by GamesController#edit as */*
  Parameters: {"player_move"=>"22", "id"=>"5"}
  [1m[36mGame Load (0.4ms)[0m  [1m[34mSELECT  "games".* FROM "games" WHERE "games"."id" = $1 LIMIT $2[0m  [["id", 5], ["LIMIT", 1]]
  [1m[35m (0.2ms)[0m  [1m[35mBEGIN[0m
  [1m[35m (0.2ms)[0m  [1m[31mROLLBACK[0m
Completed 200 OK in 7ms (Views: 1.3ms | ActiveRecord: 0.8ms)


Started GET "/games/5/edit?player_move=00" for 127.0.0.1 at 2017-02-02 17:35:31 -0500
Processing by GamesController#edit as */*
  Parameters: {"player_move"=>"00", "id"=>"5"}
  [1m[36mGame Load (0.3ms)[0m  [1m[34mSELECT  "games".* FROM "games" WHERE "games"."id" = $1 LIMIT $2[0m  [["id", 5], ["LIMIT", 1]]
  [1m[35m (0.2ms)[0m  [1m[35mBEGIN[0m
  [1m[35m (0.1ms)[0m  [1m[31mROLLBACK[0m
Completed 200 OK in 4ms (Views: 0.7ms | ActiveRecord: 0.6ms)


Started GET "/games/5/edit?player_move=01" for 127.0.0.1 at 2017-02-02 17:35:32 -0500
Processing by GamesController#edit as */*
  Parameters: {"player_move"=>"01", "id"=>"5"}
  [1m[36mGame Load (0.4ms)[0m  [1m[34mSELECT  "games".* FROM "games" WHERE "games"."id" = $1 LIMIT $2[0m  [["id", 5], ["LIMIT", 1]]
  [1m[35m (0.1ms)[0m  [1m[35mBEGIN[0m
  [1m[35m (0.1ms)[0m  [1m[31mROLLBACK[0m
Completed 200 OK in 5ms (Views: 0.8ms | ActiveRecord: 0.7ms)


Started GET "/games/5/edit?player_move=03" for 127.0.0.1 at 2017-02-02 17:35:32 -0500
Processing by GamesController#edit as */*
  Parameters: {"player_move"=>"03", "id"=>"5"}
  [1m[36mGame Load (0.2ms)[0m  [1m[34mSELECT  "games".* FROM "games" WHERE "games"."id" = $1 LIMIT $2[0m  [["id", 5], ["LIMIT", 1]]
  [1m[35m (0.1ms)[0m  [1m[35mBEGIN[0m
  [1m[35m (0.2ms)[0m  [1m[31mROLLBACK[0m
Completed 200 OK in 4ms (Views: 0.7ms | ActiveRecord: 0.5ms)


